Log file open, 01/22/20 18:53:24
LogWindows: Failed to load 'aqProf.dll' (GetLastError=126)
LogWindows: File 'aqProf.dll' does not exist
LogWindows: Failed to load 'VtuneApi.dll' (GetLastError=126)
LogWindows: File 'VtuneApi.dll' does not exist
LogWindows: Failed to load 'VtuneApi32e.dll' (GetLastError=126)
LogWindows: File 'VtuneApi32e.dll' does not exist
LogConsoleResponse: Display: Failed to find resolution value strings in scalability ini. Falling back to default.
LogInit: Display: Running engine for game: MyProject
LogPakFile: Registered encryption key '00000000000000000000000000000000': 0 pak files mounted, 0 remain pending
LogPlatformFile: Not using cached read wrapper
LogTaskGraph: Started task graph with 5 named threads and 47 total threads with 3 sets of task threads.
LogStats: Stats thread started at 0.512005
LogD3D11RHI: Loaded GFSDK_Aftermath_Lib.x64.dll
LogICUInternationalization: ICU TimeZone Detection - Raw Offset: -7:00, Platform Override: ''
LogPluginManager: Mounting plugin Paper2D
LogPluginManager: Mounting plugin AISupport
LogPluginManager: Mounting plugin LightPropagationVolume
LogPluginManager: Mounting plugin ActorLayerUtilities
LogPluginManager: Mounting plugin AnimationSharing
LogPluginManager: Mounting plugin CLionSourceCodeAccess
LogPluginManager: Mounting plugin CodeLiteSourceCodeAccess
LogPluginManager: Mounting plugin GitSourceControl
LogPluginManager: Mounting plugin KDevelopSourceCodeAccess
LogPluginManager: Mounting plugin NullSourceCodeAccess
LogPluginManager: Mounting plugin PerforceSourceControl
LogPluginManager: Mounting plugin SubversionSourceControl
LogPluginManager: Mounting plugin UObjectPlugin
LogPluginManager: Mounting plugin VisualStudioCodeSourceCodeAccess
LogPluginManager: Mounting plugin VisualStudioSourceCodeAccess
LogPluginManager: Mounting plugin XCodeSourceCodeAccess
LogPluginManager: Mounting plugin AssetManagerEditor
LogPluginManager: Mounting plugin CryptoKeys
LogPluginManager: Mounting plugin DataValidation
LogPluginManager: Mounting plugin FacialAnimation
LogPluginManager: Mounting plugin GameplayTagsEditor
LogPluginManager: Mounting plugin MacGraphicsSwitching
LogPluginManager: Mounting plugin MaterialAnalyzer
LogPluginManager: Mounting plugin MobileLauncherProfileWizard
LogPluginManager: Mounting plugin PluginBrowser
LogPluginManager: Mounting plugin SpeedTreeImporter
LogPluginManager: Mounting plugin DatasmithContent
LogPluginManager: Mounting plugin VariantManagerContent
LogPluginManager: Mounting plugin AlembicImporter
LogPluginManager: Mounting plugin AppleImageUtils
LogPluginManager: Mounting plugin AppleVision
LogPluginManager: Mounting plugin BackChannel
LogPluginManager: Mounting plugin CharacterAI
LogPluginManager: Mounting plugin GeometryCache
LogPluginManager: Mounting plugin HTML5Networking
LogPluginManager: Mounting plugin ProxyLODPlugin
LogPluginManager: Mounting plugin SkeletalReduction
LogPluginManager: Mounting plugin MagicLeap
LogPluginManager: Mounting plugin MagicLeapMedia
LogPluginManager: Mounting plugin AndroidMedia
LogPluginManager: Mounting plugin AvfMedia
LogPluginManager: Mounting plugin ImgMedia
LogPluginManager: Mounting plugin LinearTimecode
LogPluginManager: Mounting plugin MediaCompositing
LogPluginManager: Mounting plugin MediaPlayerEditor
LogPluginManager: Mounting plugin WebMMedia
LogPluginManager: Mounting plugin WmfMedia
LogPluginManager: Mounting plugin TcpMessaging
LogPluginManager: Mounting plugin UdpMessaging
LogPluginManager: Mounting plugin ActorSequence
LogPluginManager: Mounting plugin LevelSequenceEditor
LogPluginManager: Mounting plugin MatineeToLevelSequence
LogPluginManager: Mounting plugin NetcodeUnitTest
LogPluginManager: Mounting plugin NUTUnrealEngine4
LogPluginManager: Mounting plugin OnlineSubsystemGooglePlay
LogPluginManager: Mounting plugin OnlineSubsystemIOS
LogPluginManager: Mounting plugin OnlineSubsystem
LogPluginManager: Mounting plugin OnlineSubsystemNull
LogPluginManager: Mounting plugin OnlineSubsystemUtils
LogPluginManager: Mounting plugin LauncherChunkInstaller
LogPluginManager: Mounting plugin AndroidDeviceProfileSelector
LogPluginManager: Mounting plugin AndroidMoviePlayer
LogPluginManager: Mounting plugin AndroidPermission
LogPluginManager: Mounting plugin AppleMoviePlayer
LogPluginManager: Mounting plugin ArchVisCharacter
LogPluginManager: Mounting plugin AudioCapture
LogPluginManager: Mounting plugin CableComponent
LogPluginManager: Mounting plugin CustomMeshComponent
LogPluginManager: Mounting plugin EditableMesh
LogPluginManager: Mounting plugin ExampleDeviceProfileSelector
LogPluginManager: Mounting plugin Firebase
LogPluginManager: Mounting plugin GoogleCloudMessaging
LogPluginManager: Mounting plugin IOSDeviceProfileSelector
LogPluginManager: Mounting plugin LinuxDeviceProfileSelector
LogPluginManager: Mounting plugin LocationServicesBPLibrary
LogPluginManager: Mounting plugin MobilePatchingUtils
LogPluginManager: Mounting plugin OculusVR
LogPluginManager: Mounting plugin PhysXVehicles
LogPluginManager: Mounting plugin ProceduralMeshComponent
LogPluginManager: Mounting plugin RuntimePhysXCooking
LogPluginManager: Mounting plugin SignificanceManager
LogPluginManager: Mounting plugin SteamVR
LogPluginManager: Mounting plugin WebMMoviePlayer
LogPluginManager: Mounting plugin WindowsMoviePlayer
LogInit: Using libcurl 7.55.1-DEV
LogInit:  - built for x86_64-pc-win32
LogInit:  - supports SSL with OpenSSL/1.1.1
LogInit:  - supports HTTP deflate (compression) using libz 1.2.8
LogInit:  - other features:
LogInit:      CURL_VERSION_SSL
LogInit:      CURL_VERSION_LIBZ
LogInit:      CURL_VERSION_IPV6
LogInit:      CURL_VERSION_ASYNCHDNS
LogInit:      CURL_VERSION_LARGEFILE
LogInit:      CURL_VERSION_IDN
LogInit:  CurlRequestOptions (configurable via config and command line):
LogInit:  - bVerifyPeer = true  - Libcurl will verify peer certificate
LogInit:  - bUseHttpProxy = false  - Libcurl will NOT use HTTP proxy
LogInit:  - bDontReuseConnections = false  - Libcurl will reuse connections
LogInit:  - MaxHostConnections = 16  - Libcurl will limit the number of connections to a host
LogInit:  - LocalHostAddr = Default
LogInit:  - BufferSize = 65536
LogInit: WinSock: version 1.1 (2.2), MaxSocks=32767, MaxUdp=65467
LogInit: Build: ++UE4+Release-4.22-CL-7053642
LogInit: Engine Version: 4.22.3-7053642+++UE4+Release-4.22
LogInit: Compatible Engine Version: 4.22.0-5660361+++UE4+Release-4.22
LogInit: Net CL: 5660361
LogInit: OS: Windows 10 (Release 1909) (), CPU: AMD Ryzen 7 3700X 8-Core Processor             , GPU: NVIDIA GeForce RTX 2080 SUPER
LogInit: Compiled (64-bit): Jun 18 2019 03:09:11
LogInit: Compiled with Visual C++: 19.16.27025.01
LogInit: Build Configuration: Development
LogInit: Branch Name: ++UE4+Release-4.22
LogInit: Command Line: 
LogInit: Base Directory: D:/Program Files x(87)/Epic Games/UE_4.22/Engine/Binaries/Win64/
LogInit: Installed Engine Build: 1
LogDevObjectVersion: Number of dev versions registered: 23
LogDevObjectVersion:   Dev-Blueprints (B0D832E4-1F89-4F0D-ACCF-7EB736FD4AA2): 10
LogDevObjectVersion:   Dev-Build (E1C64328-A22C-4D53-A36C-8E866417BD8C): 0
LogDevObjectVersion:   Dev-Core (375EC13C-06E4-48FB-B500-84F0262A717E): 3
LogDevObjectVersion:   Dev-Editor (E4B068ED-F494-42E9-A231-DA0B2E46BB41): 30
LogDevObjectVersion:   Dev-Framework (CFFC743F-43B0-4480-9391-14DF171D2073): 35
LogDevObjectVersion:   Dev-Mobile (B02B49B5-BB20-44E9-A304-32B752E40360): 2
LogDevObjectVersion:   Dev-Networking (A4E4105C-59A1-49B5-A7C5-40C4547EDFEE): 0
LogDevObjectVersion:   Dev-Online (39C831C9-5AE6-47DC-9A44-9C173E1C8E7C): 0
LogDevObjectVersion:   Dev-Physics (78F01B33-EBEA-4F98-B9B4-84EACCB95AA2): 0
LogDevObjectVersion:   Dev-Platform (6631380F-2D4D-43E0-8009-CF276956A95A): 0
LogDevObjectVersion:   Dev-Rendering (12F88B9F-8875-4AFC-A67C-D90C383ABD29): 28
LogDevObjectVersion:   Dev-Sequencer (7B5AE74C-D270-4C10-A958-57980B212A5A): 11
LogDevObjectVersion:   Dev-VR (D7296918-1DD6-4BDD-9DE2-64A83CC13884): 2
LogDevObjectVersion:   Dev-LoadTimes (C2A15278-BFE7-4AFE-6C17-90FF531DF755): 1
LogDevObjectVersion:   Private-Geometry (6EACA3D4-40EC-4CC1-B786-8BED09428FC5): 3
LogDevObjectVersion:   Dev-AnimPhys (29E575DD-E0A3-4627-9D10-D276232CDCEA): 17
LogDevObjectVersion:   Dev-Anim (AF43A65D-7FD3-4947-9873-3E8ED9C1BB05): 2
LogDevObjectVersion:   Dev-ReflectionCapture (6B266CEC-1EC7-4B8F-A30B-E4D90942FC07): 1
LogDevObjectVersion:   Dev-Automation (0DF73D61-A23F-47EA-B727-89E90C41499A): 1
LogDevObjectVersion:   FortniteMain (601D1886-AC64-4F84-AA16-D3DE0DEAC7D6): 25
LogDevObjectVersion:   Dev-Enterprise (9DFFBCD6-494F-0158-E221-12823C92A888): 6
LogDevObjectVersion:   Dev-Niagara (F2AED0AC-9AFE-416F-8664-AA7FFA26D6FC): 1
LogDevObjectVersion:   Dev-Destruction (174F1F0B-B4C6-45A5-B13F-2EE8D0FB917D): 2
LogInit: Presizing for max 16777216 objects, including 0 objects not considered by GC, pre-allocating 0 bytes for permanent pool.
LogInit: Object subsystem initialized
LogConfig: Setting CVar [[con.DebugEarlyDefault:1]]
LogConfig: Setting CVar [[r.setres:1280x720]]
[2020.01.23-01.53.25:069][  0]LogConfig: Setting CVar [[r.VSync:0]]
[2020.01.23-01.53.25:069][  0]LogConfig: Setting CVar [[r.RHICmdBypass:0]]
[2020.01.23-01.53.25:069][  0]LogConfig: Applying CVar settings from Section [/Script/Engine.RendererSettings] File [C:/Users/B/Desktop/GAM218/MyProject/Saved/Config/Windows/Engine.ini]
[2020.01.23-01.53.25:069][  0]LogConfig: Setting CVar [[r.GPUCrashDebugging:0]]
[2020.01.23-01.53.25:069][  0]LogConfig: Applying CVar settings from Section [/Script/Engine.RendererOverrideSettings] File [C:/Users/B/Desktop/GAM218/MyProject/Saved/Config/Windows/Engine.ini]
[2020.01.23-01.53.25:069][  0]LogConfig: Applying CVar settings from Section [/Script/Engine.StreamingSettings] File [C:/Users/B/Desktop/GAM218/MyProject/Saved/Config/Windows/Engine.ini]
[2020.01.23-01.53.25:069][  0]LogConfig: Setting CVar [[s.MinBulkDataSizeForAsyncLoading:131072]]
[2020.01.23-01.53.25:069][  0]LogConfig: Setting CVar [[s.AsyncLoadingThreadEnabled:0]]
[2020.01.23-01.53.25:069][  0]LogConfig: Setting CVar [[s.EventDrivenLoaderEnabled:1]]
[2020.01.23-01.53.25:069][  0]LogConfig: Setting CVar [[s.WarnIfTimeLimitExceeded:0]]
[2020.01.23-01.53.25:070][  0]LogConfig: Setting CVar [[s.TimeLimitExceededMultiplier:1.5]]
[2020.01.23-01.53.25:070][  0]LogConfig: Setting CVar [[s.TimeLimitExceededMinTime:0.005]]
[2020.01.23-01.53.25:070][  0]LogConfig: Setting CVar [[s.UseBackgroundLevelStreaming:1]]
[2020.01.23-01.53.25:070][  0]LogConfig: Setting CVar [[s.PriorityAsyncLoadingExtraTime:15.0]]
[2020.01.23-01.53.25:070][  0]LogConfig: Setting CVar [[s.LevelStreamingActorsUpdateTimeLimit:5.0]]
[2020.01.23-01.53.25:070][  0]LogConfig: Setting CVar [[s.PriorityLevelStreamingActorsUpdateExtraTime:5.0]]
[2020.01.23-01.53.25:070][  0]LogConfig: Setting CVar [[s.LevelStreamingComponentsRegistrationGranularity:10]]
[2020.01.23-01.53.25:070][  0]LogConfig: Setting CVar [[s.UnregisterComponentsTimeLimit:1.0]]
[2020.01.23-01.53.25:070][  0]LogConfig: Setting CVar [[s.LevelStreamingComponentsUnregistrationGranularity:5]]
[2020.01.23-01.53.25:070][  0]LogConfig: Applying CVar settings from Section [/Script/Engine.GarbageCollectionSettings] File [C:/Users/B/Desktop/GAM218/MyProject/Saved/Config/Windows/Engine.ini]
[2020.01.23-01.53.25:070][  0]LogConfig: Setting CVar [[gc.MaxObjectsNotConsideredByGC:1]]
[2020.01.23-01.53.25:070][  0]LogConfig: Setting CVar [[gc.SizeOfPermanentObjectPool:0]]
[2020.01.23-01.53.25:070][  0]LogConfig: Setting CVar [[gc.FlushStreamingOnGC:0]]
[2020.01.23-01.53.25:070][  0]LogConfig: Setting CVar [[gc.NumRetriesBeforeForcingGC:10]]
[2020.01.23-01.53.25:070][  0]LogConfig: Setting CVar [[gc.AllowParallelGC:1]]
[2020.01.23-01.53.25:070][  0]LogConfig: Setting CVar [[gc.TimeBetweenPurgingPendingKillObjects:61.1]]
[2020.01.23-01.53.25:070][  0]LogConfig: Setting CVar [[gc.MaxObjectsInEditor:16777216]]
[2020.01.23-01.53.25:070][  0]LogConfig: Setting CVar [[gc.IncrementalBeginDestroyEnabled:1]]
[2020.01.23-01.53.25:070][  0]LogConfig: Setting CVar [[gc.CreateGCClusters:1]]
[2020.01.23-01.53.25:070][  0]LogConfig: Setting CVar [[gc.MinGCClusterSize:5]]
[2020.01.23-01.53.25:070][  0]LogConfig: Setting CVar [[gc.ActorClusteringEnabled:0]]
[2020.01.23-01.53.25:070][  0]LogConfig: Setting CVar [[gc.BlueprintClusteringEnabled:0]]
[2020.01.23-01.53.25:070][  0]LogConfig: Setting CVar [[gc.UseDisregardForGCOnDedicatedServers:0]]
[2020.01.23-01.53.25:070][  0]LogConfig: Applying CVar settings from Section [/Script/Engine.NetworkSettings] File [C:/Users/B/Desktop/GAM218/MyProject/Saved/Config/Windows/Engine.ini]
[2020.01.23-01.53.25:070][  0]LogConfig: Applying CVar settings from Section [/Script/UnrealEd.CookerSettings] File [C:/Users/B/Desktop/GAM218/MyProject/Saved/Config/Windows/Engine.ini]
[2020.01.23-01.53.25:071][  0]LogConfig: Applying CVar settings from Section [ViewDistanceQuality@3] File [C:/Users/B/Desktop/GAM218/MyProject/Saved/Config/Windows/Scalability.ini]
[2020.01.23-01.53.25:071][  0]LogConfig: Setting CVar [[r.SkeletalMeshLODBias:0]]
[2020.01.23-01.53.25:071][  0]LogConfig: Setting CVar [[r.ViewDistanceScale:1.0]]
[2020.01.23-01.53.25:071][  0]LogConfig: Applying CVar settings from Section [AntiAliasingQuality@3] File [C:/Users/B/Desktop/GAM218/MyProject/Saved/Config/Windows/Scalability.ini]
[2020.01.23-01.53.25:071][  0]LogConfig: Setting CVar [[r.PostProcessAAQuality:4]]
[2020.01.23-01.53.25:071][  0]LogConfig: Applying CVar settings from Section [ShadowQuality@3] File [C:/Users/B/Desktop/GAM218/MyProject/Saved/Config/Windows/Scalability.ini]
[2020.01.23-01.53.25:071][  0]LogConfig: Setting CVar [[r.LightFunctionQuality:1]]
[2020.01.23-01.53.25:072][  0]LogConfig: Setting CVar [[r.ShadowQuality:5]]
[2020.01.23-01.53.25:072][  0]LogConfig: Setting CVar [[r.Shadow.CSM.MaxCascades:10]]
[2020.01.23-01.53.25:072][  0]LogConfig: Setting CVar [[r.Shadow.MaxResolution:2048]]
[2020.01.23-01.53.25:072][  0]LogConfig: Setting CVar [[r.Shadow.MaxCSMResolution:2048]]
[2020.01.23-01.53.25:072][  0]LogConfig: Setting CVar [[r.Shadow.RadiusThreshold:0.01]]
[2020.01.23-01.53.25:072][  0]LogConfig: Setting CVar [[r.Shadow.DistanceScale:1.0]]
[2020.01.23-01.53.25:072][  0]LogConfig: Setting CVar [[r.Shadow.CSM.TransitionScale:1.0]]
[2020.01.23-01.53.25:072][  0]LogConfig: Setting CVar [[r.Shadow.PreShadowResolutionFactor:1.0]]
[2020.01.23-01.53.25:072][  0]LogConfig: Setting CVar [[r.DistanceFieldShadowing:1]]
[2020.01.23-01.53.25:072][  0]LogConfig: Setting CVar [[r.DistanceFieldAO:1]]
[2020.01.23-01.53.25:072][  0]LogConfig: Setting CVar [[r.AOQuality:2]]
[2020.01.23-01.53.25:072][  0]LogConfig: Setting CVar [[r.VolumetricFog:1]]
[2020.01.23-01.53.25:072][  0]LogConfig: Setting CVar [[r.VolumetricFog.GridPixelSize:8]]
[2020.01.23-01.53.25:072][  0]LogConfig: Setting CVar [[r.VolumetricFog.GridSizeZ:128]]
[2020.01.23-01.53.25:072][  0]LogConfig: Setting CVar [[r.VolumetricFog.HistoryMissSupersampleCount:4]]
[2020.01.23-01.53.25:072][  0]LogConfig: Setting CVar [[r.LightMaxDrawDistanceScale:1]]
[2020.01.23-01.53.25:072][  0]LogConfig: Setting CVar [[r.CapsuleShadows:1]]
[2020.01.23-01.53.25:072][  0]LogConfig: Applying CVar settings from Section [PostProcessQuality@3] File [C:/Users/B/Desktop/GAM218/MyProject/Saved/Config/Windows/Scalability.ini]
[2020.01.23-01.53.25:072][  0]LogConfig: Setting CVar [[r.MotionBlurQuality:4]]
[2020.01.23-01.53.25:072][  0]LogConfig: Setting CVar [[r.AmbientOcclusionMipLevelFactor:0.4]]
[2020.01.23-01.53.25:072][  0]LogConfig: Setting CVar [[r.AmbientOcclusionMaxQuality:100]]
[2020.01.23-01.53.25:072][  0]LogConfig: Setting CVar [[r.AmbientOcclusionLevels:-1]]
[2020.01.23-01.53.25:072][  0]LogConfig: Setting CVar [[r.AmbientOcclusionRadiusScale:1.0]]
[2020.01.23-01.53.25:072][  0]LogConfig: Setting CVar [[r.DepthOfFieldQuality:2]]
[2020.01.23-01.53.25:072][  0]LogConfig: Setting CVar [[r.RenderTargetPoolMin:400]]
[2020.01.23-01.53.25:072][  0]LogConfig: Setting CVar [[r.LensFlareQuality:2]]
[2020.01.23-01.53.25:072][  0]LogConfig: Setting CVar [[r.SceneColorFringeQuality:1]]
[2020.01.23-01.53.25:072][  0]LogConfig: Setting CVar [[r.EyeAdaptationQuality:2]]
[2020.01.23-01.53.25:072][  0]LogConfig: Setting CVar [[r.BloomQuality:5]]
[2020.01.23-01.53.25:072][  0]LogConfig: Setting CVar [[r.FastBlurThreshold:100]]
[2020.01.23-01.53.25:072][  0]LogConfig: Setting CVar [[r.Upscale.Quality:3]]
[2020.01.23-01.53.25:072][  0]LogConfig: Setting CVar [[r.Tonemapper.GrainQuantization:1]]
[2020.01.23-01.53.25:072][  0]LogConfig: Setting CVar [[r.LightShaftQuality:1]]
[2020.01.23-01.53.25:072][  0]LogConfig: Setting CVar [[r.Filter.SizeScale:1]]
[2020.01.23-01.53.25:072][  0]LogConfig: Setting CVar [[r.Tonemapper.Quality:5]]
[2020.01.23-01.53.25:072][  0]LogConfig: Setting CVar [[r.DOF.Gather.AccumulatorQuality:1        ; higher gathering accumulator quality]]
[2020.01.23-01.53.25:072][  0]LogConfig: Setting CVar [[r.DOF.Gather.PostfilterMethod:1          ; Median3x3 postfilering method]]
[2020.01.23-01.53.25:072][  0]LogConfig: Setting CVar [[r.DOF.Gather.EnableBokehSettings:0       ; no bokeh simulation when gathering]]
[2020.01.23-01.53.25:072][  0]LogConfig: Setting CVar [[r.DOF.Gather.RingCount:4                 ; medium number of samples when gathering]]
[2020.01.23-01.53.25:072][  0]LogConfig: Setting CVar [[r.DOF.Scatter.ForegroundCompositing:1    ; additive foreground scattering]]
[2020.01.23-01.53.25:072][  0]LogConfig: Setting CVar [[r.DOF.Scatter.BackgroundCompositing:2    ; additive background scattering]]
[2020.01.23-01.53.25:072][  0]LogConfig: Setting CVar [[r.DOF.Scatter.EnableBokehSettings:1      ; bokeh simulation when scattering]]
[2020.01.23-01.53.25:072][  0]LogConfig: Setting CVar [[r.DOF.Scatter.MaxSpriteRatio:0.1         ; only a maximum of 10% of scattered bokeh]]
[2020.01.23-01.53.25:072][  0]LogConfig: Setting CVar [[r.DOF.Recombine.Quality:1                ; cheap slight out of focus]]
[2020.01.23-01.53.25:072][  0]LogConfig: Setting CVar [[r.DOF.Recombine.EnableBokehSettings:0    ; no bokeh simulation on slight out of focus]]
[2020.01.23-01.53.25:072][  0]LogConfig: Setting CVar [[r.DOF.TemporalAAQuality:1                ; more stable temporal accumulation]]
[2020.01.23-01.53.25:072][  0]LogConfig: Setting CVar [[r.DOF.Kernel.MaxForegroundRadius:0.025]]
[2020.01.23-01.53.25:072][  0]LogConfig: Setting CVar [[r.DOF.Kernel.MaxBackgroundRadius:0.025]]
[2020.01.23-01.53.25:072][  0]LogConfig: Applying CVar settings from Section [TextureQuality@3] File [C:/Users/B/Desktop/GAM218/MyProject/Saved/Config/Windows/Scalability.ini]
[2020.01.23-01.53.25:072][  0]LogConfig: Setting CVar [[r.Streaming.MipBias:0]]
[2020.01.23-01.53.25:072][  0]LogConfig: Setting CVar [[r.Streaming.AmortizeCPUToGPUCopy:0]]
[2020.01.23-01.53.25:072][  0]LogConfig: Setting CVar [[r.Streaming.MaxNumTexturesToStreamPerFrame:0]]
[2020.01.23-01.53.25:072][  0]LogConfig: Setting CVar [[r.Streaming.Boost:1]]
[2020.01.23-01.53.25:072][  0]LogConfig: Setting CVar [[r.MaxAnisotropy:8]]
[2020.01.23-01.53.25:072][  0]LogConfig: Setting CVar [[r.Streaming.LimitPoolSizeToVRAM:0]]
[2020.01.23-01.53.25:072][  0]LogConfig: Setting CVar [[r.Streaming.PoolSize:1000]]
[2020.01.23-01.53.25:072][  0]LogConfig: Setting CVar [[r.Streaming.MaxEffectiveScreenSize:0]]
[2020.01.23-01.53.25:072][  0]LogConfig: Applying CVar settings from Section [EffectsQuality@3] File [C:/Users/B/Desktop/GAM218/MyProject/Saved/Config/Windows/Scalability.ini]
[2020.01.23-01.53.25:072][  0]LogConfig: Setting CVar [[r.TranslucencyLightingVolumeDim:64]]
[2020.01.23-01.53.25:072][  0]LogConfig: Setting CVar [[r.RefractionQuality:2]]
[2020.01.23-01.53.25:072][  0]LogConfig: Setting CVar [[r.SSR.Quality:3]]
[2020.01.23-01.53.25:072][  0]LogConfig: Setting CVar [[r.SceneColorFormat:4]]
[2020.01.23-01.53.25:072][  0]LogConfig: Setting CVar [[r.DetailMode:2]]
[2020.01.23-01.53.25:072][  0]LogConfig: Setting CVar [[r.TranslucencyVolumeBlur:1]]
[2020.01.23-01.53.25:072][  0]LogConfig: Setting CVar [[r.MaterialQualityLevel:1 ; High quality]]
[2020.01.23-01.53.25:072][  0]LogConfig: Setting CVar [[r.SSS.Scale:1]]
[2020.01.23-01.53.25:072][  0]LogConfig: Setting CVar [[r.SSS.SampleSet:2]]
[2020.01.23-01.53.25:072][  0]LogConfig: Setting CVar [[r.SSS.Quality:1]]
[2020.01.23-01.53.25:072][  0]LogConfig: Setting CVar [[r.SSS.HalfRes:1]]
[2020.01.23-01.53.25:072][  0]LogConfig: Setting CVar [[r.EmitterSpawnRateScale:1.0]]
[2020.01.23-01.53.25:072][  0]LogConfig: Setting CVar [[r.ParticleLightQuality:2]]
[2020.01.23-01.53.25:072][  0]LogConfig: Applying CVar settings from Section [FoliageQuality@3] File [C:/Users/B/Desktop/GAM218/MyProject/Saved/Config/Windows/Scalability.ini]
[2020.01.23-01.53.25:072][  0]LogConfig: Setting CVar [[foliage.DensityScale:1.0]]
[2020.01.23-01.53.25:072][  0]LogConfig: Setting CVar [[grass.DensityScale:1.0]]
[2020.01.23-01.53.25:072][  0]LogInit: Selected Device Profile: [Windows]
[2020.01.23-01.53.25:072][  0]LogInit: Applying CVar settings loaded from the selected device profile: [Windows]
[2020.01.23-01.53.25:088][  0]LogHAL: Display: Platform has ~ 32 GB [34306457600 / 34359738368 / 32], which maps to Largest [LargestMinGB=32, LargerMinGB=12, DefaultMinGB=8, SmallerMinGB=6, SmallestMinGB=0)
[2020.01.23-01.53.25:088][  0]LogConfig: Setting CVar [[r.Vulkan.UseRealUBs:0		; Required until we fix HLR fall-out]]
[2020.01.23-01.53.25:088][  0]LogInit: Going up to parent DeviceProfile []
[2020.01.23-01.53.25:088][  0]LogConfig: Applying CVar settings from Section [ViewDistanceQuality@3] File [C:/Users/B/Desktop/GAM218/MyProject/Saved/Config/Windows/Scalability.ini]
[2020.01.23-01.53.25:088][  0]LogConfig: Setting CVar [[r.SkeletalMeshLODBias:0]]
[2020.01.23-01.53.25:088][  0]LogConfig: Setting CVar [[r.ViewDistanceScale:1.0]]
[2020.01.23-01.53.25:088][  0]LogConfig: Applying CVar settings from Section [AntiAliasingQuality@3] File [C:/Users/B/Desktop/GAM218/MyProject/Saved/Config/Windows/Scalability.ini]
[2020.01.23-01.53.25:088][  0]LogConfig: Setting CVar [[r.PostProcessAAQuality:4]]
[2020.01.23-01.53.25:088][  0]LogConfig: Applying CVar settings from Section [ShadowQuality@3] File [C:/Users/B/Desktop/GAM218/MyProject/Saved/Config/Windows/Scalability.ini]
[2020.01.23-01.53.25:088][  0]LogConfig: Setting CVar [[r.LightFunctionQuality:1]]
[2020.01.23-01.53.25:088][  0]LogConfig: Setting CVar [[r.ShadowQuality:5]]
[2020.01.23-01.53.25:088][  0]LogConfig: Setting CVar [[r.Shadow.CSM.MaxCascades:10]]
[2020.01.23-01.53.25:088][  0]LogConfig: Setting CVar [[r.Shadow.MaxResolution:2048]]
[2020.01.23-01.53.25:088][  0]LogConfig: Setting CVar [[r.Shadow.MaxCSMResolution:2048]]
[2020.01.23-01.53.25:088][  0]LogConfig: Setting CVar [[r.Shadow.RadiusThreshold:0.01]]
[2020.01.23-01.53.25:088][  0]LogConfig: Setting CVar [[r.Shadow.DistanceScale:1.0]]
[2020.01.23-01.53.25:088][  0]LogConfig: Setting CVar [[r.Shadow.CSM.TransitionScale:1.0]]
[2020.01.23-01.53.25:088][  0]LogConfig: Setting CVar [[r.Shadow.PreShadowResolutionFactor:1.0]]
[2020.01.23-01.53.25:088][  0]LogConfig: Setting CVar [[r.DistanceFieldShadowing:1]]
[2020.01.23-01.53.25:088][  0]LogConfig: Setting CVar [[r.DistanceFieldAO:1]]
[2020.01.23-01.53.25:088][  0]LogConfig: Setting CVar [[r.AOQuality:2]]
[2020.01.23-01.53.25:088][  0]LogConfig: Setting CVar [[r.VolumetricFog:1]]
[2020.01.23-01.53.25:088][  0]LogConfig: Setting CVar [[r.VolumetricFog.GridPixelSize:8]]
[2020.01.23-01.53.25:088][  0]LogConfig: Setting CVar [[r.VolumetricFog.GridSizeZ:128]]
[2020.01.23-01.53.25:088][  0]LogConfig: Setting CVar [[r.VolumetricFog.HistoryMissSupersampleCount:4]]
[2020.01.23-01.53.25:088][  0]LogConfig: Setting CVar [[r.LightMaxDrawDistanceScale:1]]
[2020.01.23-01.53.25:088][  0]LogConfig: Setting CVar [[r.CapsuleShadows:1]]
[2020.01.23-01.53.25:088][  0]LogConfig: Applying CVar settings from Section [PostProcessQuality@3] File [C:/Users/B/Desktop/GAM218/MyProject/Saved/Config/Windows/Scalability.ini]
[2020.01.23-01.53.25:088][  0]LogConfig: Setting CVar [[r.MotionBlurQuality:4]]
[2020.01.23-01.53.25:088][  0]LogConfig: Setting CVar [[r.AmbientOcclusionMipLevelFactor:0.4]]
[2020.01.23-01.53.25:088][  0]LogConfig: Setting CVar [[r.AmbientOcclusionMaxQuality:100]]
[2020.01.23-01.53.25:088][  0]LogConfig: Setting CVar [[r.AmbientOcclusionLevels:-1]]
[2020.01.23-01.53.25:088][  0]LogConfig: Setting CVar [[r.AmbientOcclusionRadiusScale:1.0]]
[2020.01.23-01.53.25:088][  0]LogConfig: Setting CVar [[r.DepthOfFieldQuality:2]]
[2020.01.23-01.53.25:088][  0]LogConfig: Setting CVar [[r.RenderTargetPoolMin:400]]
[2020.01.23-01.53.25:088][  0]LogConfig: Setting CVar [[r.LensFlareQuality:2]]
[2020.01.23-01.53.25:088][  0]LogConfig: Setting CVar [[r.SceneColorFringeQuality:1]]
[2020.01.23-01.53.25:088][  0]LogConfig: Setting CVar [[r.EyeAdaptationQuality:2]]
[2020.01.23-01.53.25:088][  0]LogConfig: Setting CVar [[r.BloomQuality:5]]
[2020.01.23-01.53.25:088][  0]LogConfig: Setting CVar [[r.FastBlurThreshold:100]]
[2020.01.23-01.53.25:088][  0]LogConfig: Setting CVar [[r.Upscale.Quality:3]]
[2020.01.23-01.53.25:088][  0]LogConfig: Setting CVar [[r.Tonemapper.GrainQuantization:1]]
[2020.01.23-01.53.25:088][  0]LogConfig: Setting CVar [[r.LightShaftQuality:1]]
[2020.01.23-01.53.25:088][  0]LogConfig: Setting CVar [[r.Filter.SizeScale:1]]
[2020.01.23-01.53.25:088][  0]LogConfig: Setting CVar [[r.Tonemapper.Quality:5]]
[2020.01.23-01.53.25:088][  0]LogConfig: Setting CVar [[r.DOF.Gather.AccumulatorQuality:1        ; higher gathering accumulator quality]]
[2020.01.23-01.53.25:088][  0]LogConfig: Setting CVar [[r.DOF.Gather.PostfilterMethod:1          ; Median3x3 postfilering method]]
[2020.01.23-01.53.25:088][  0]LogConfig: Setting CVar [[r.DOF.Gather.EnableBokehSettings:0       ; no bokeh simulation when gathering]]
[2020.01.23-01.53.25:088][  0]LogConfig: Setting CVar [[r.DOF.Gather.RingCount:4                 ; medium number of samples when gathering]]
[2020.01.23-01.53.25:088][  0]LogConfig: Setting CVar [[r.DOF.Scatter.ForegroundCompositing:1    ; additive foreground scattering]]
[2020.01.23-01.53.25:088][  0]LogConfig: Setting CVar [[r.DOF.Scatter.BackgroundCompositing:2    ; additive background scattering]]
[2020.01.23-01.53.25:088][  0]LogConfig: Setting CVar [[r.DOF.Scatter.EnableBokehSettings:1      ; bokeh simulation when scattering]]
[2020.01.23-01.53.25:088][  0]LogConfig: Setting CVar [[r.DOF.Scatter.MaxSpriteRatio:0.1         ; only a maximum of 10% of scattered bokeh]]
[2020.01.23-01.53.25:088][  0]LogConfig: Setting CVar [[r.DOF.Recombine.Quality:1                ; cheap slight out of focus]]
[2020.01.23-01.53.25:088][  0]LogConfig: Setting CVar [[r.DOF.Recombine.EnableBokehSettings:0    ; no bokeh simulation on slight out of focus]]
[2020.01.23-01.53.25:088][  0]LogConfig: Setting CVar [[r.DOF.TemporalAAQuality:1                ; more stable temporal accumulation]]
[2020.01.23-01.53.25:088][  0]LogConfig: Setting CVar [[r.DOF.Kernel.MaxForegroundRadius:0.025]]
[2020.01.23-01.53.25:088][  0]LogConfig: Setting CVar [[r.DOF.Kernel.MaxBackgroundRadius:0.025]]
[2020.01.23-01.53.25:088][  0]LogConfig: Applying CVar settings from Section [TextureQuality@3] File [C:/Users/B/Desktop/GAM218/MyProject/Saved/Config/Windows/Scalability.ini]
[2020.01.23-01.53.25:088][  0]LogConfig: Setting CVar [[r.Streaming.MipBias:0]]
[2020.01.23-01.53.25:088][  0]LogConfig: Setting CVar [[r.Streaming.AmortizeCPUToGPUCopy:0]]
[2020.01.23-01.53.25:088][  0]LogConfig: Setting CVar [[r.Streaming.MaxNumTexturesToStreamPerFrame:0]]
[2020.01.23-01.53.25:088][  0]LogConfig: Setting CVar [[r.Streaming.Boost:1]]
[2020.01.23-01.53.25:088][  0]LogConfig: Setting CVar [[r.MaxAnisotropy:8]]
[2020.01.23-01.53.25:088][  0]LogConfig: Setting CVar [[r.Streaming.LimitPoolSizeToVRAM:0]]
[2020.01.23-01.53.25:088][  0]LogConfig: Setting CVar [[r.Streaming.PoolSize:1000]]
[2020.01.23-01.53.25:088][  0]LogConfig: Setting CVar [[r.Streaming.MaxEffectiveScreenSize:0]]
[2020.01.23-01.53.25:088][  0]LogConfig: Applying CVar settings from Section [EffectsQuality@3] File [C:/Users/B/Desktop/GAM218/MyProject/Saved/Config/Windows/Scalability.ini]
[2020.01.23-01.53.25:088][  0]LogConfig: Setting CVar [[r.TranslucencyLightingVolumeDim:64]]
[2020.01.23-01.53.25:088][  0]LogConfig: Setting CVar [[r.RefractionQuality:2]]
[2020.01.23-01.53.25:088][  0]LogConfig: Setting CVar [[r.SSR.Quality:3]]
[2020.01.23-01.53.25:088][  0]LogConfig: Setting CVar [[r.SceneColorFormat:4]]
[2020.01.23-01.53.25:088][  0]LogConfig: Setting CVar [[r.DetailMode:2]]
[2020.01.23-01.53.25:088][  0]LogConfig: Setting CVar [[r.TranslucencyVolumeBlur:1]]
[2020.01.23-01.53.25:088][  0]LogConfig: Setting CVar [[r.MaterialQualityLevel:1 ; High quality]]
[2020.01.23-01.53.25:088][  0]LogConfig: Setting CVar [[r.SSS.Scale:1]]
[2020.01.23-01.53.25:088][  0]LogConfig: Setting CVar [[r.SSS.SampleSet:2]]
[2020.01.23-01.53.25:088][  0]LogConfig: Setting CVar [[r.SSS.Quality:1]]
[2020.01.23-01.53.25:088][  0]LogConfig: Setting CVar [[r.SSS.HalfRes:1]]
[2020.01.23-01.53.25:088][  0]LogConfig: Setting CVar [[r.EmitterSpawnRateScale:1.0]]
[2020.01.23-01.53.25:088][  0]LogConfig: Setting CVar [[r.ParticleLightQuality:2]]
[2020.01.23-01.53.25:088][  0]LogConfig: Applying CVar settings from Section [FoliageQuality@3] File [C:/Users/B/Desktop/GAM218/MyProject/Saved/Config/Windows/Scalability.ini]
[2020.01.23-01.53.25:088][  0]LogConfig: Setting CVar [[foliage.DensityScale:1.0]]
[2020.01.23-01.53.25:088][  0]LogConfig: Setting CVar [[grass.DensityScale:1.0]]
[2020.01.23-01.53.25:089][  0]LogConfig: Applying CVar settings from Section [Startup] File [../../../Engine/Config/ConsoleVariables.ini]
[2020.01.23-01.53.25:089][  0]LogConfig: Setting CVar [[net.UseAdaptiveNetUpdateFrequency:0]]
[2020.01.23-01.53.25:089][  0]LogConfig: Setting CVar [[p.chaos.AllowCreatePhysxBodies:1]]
[2020.01.23-01.53.25:089][  0]LogConfig: Applying CVar settings from Section [ConsoleVariables] File [C:/Users/B/Desktop/GAM218/MyProject/Saved/Config/Windows/Engine.ini]
[2020.01.23-01.53.25:089][  0]LogInit: Computer: DESKTOP-U2OH8QE
[2020.01.23-01.53.25:089][  0]LogInit: User: B
[2020.01.23-01.53.25:089][  0]LogInit: CPU Page size=4096, Cores=8
[2020.01.23-01.53.25:089][  0]LogInit: High frequency timer resolution =10.000000 MHz
[2020.01.23-01.53.25:089][  0]LogMemory: Memory total: Physical=32.0GB (32GB approx)
[2020.01.23-01.53.25:089][  0]LogMemory: Platform Memory Stats for Windows
[2020.01.23-01.53.25:089][  0]LogMemory: Process Physical Memory: 100.66 MB used, 100.66 MB peak
[2020.01.23-01.53.25:089][  0]LogMemory: Process Virtual Memory: 90.53 MB used, 90.53 MB peak
[2020.01.23-01.53.25:089][  0]LogMemory: Physical Memory: 7980.34 MB used,  24736.85 MB free, 32717.19 MB total
[2020.01.23-01.53.25:089][  0]LogMemory: Virtual Memory: 4677.57 MB used,  134213048.00 MB free, 134217728.00 MB total
[2020.01.23-01.53.25:098][  0]LogInit: Using OS detected language (en-US).
[2020.01.23-01.53.25:098][  0]LogInit: Using OS detected locale (en-US).
[2020.01.23-01.53.25:098][  0]LogTextLocalizationManager: No specific localization for 'en-US' exists, so the 'en' localization will be used.
[2020.01.23-01.53.25:212][  0]LogInit: Setting process to per monitor DPI aware
[2020.01.23-01.53.25:233][  0]LogSlate: New Slate User Created.  User Index 0, Is Virtual User: 0
[2020.01.23-01.53.25:233][  0]LogSlate: Slate User Registered.  User Index 0, Is Virtual User: 0
[2020.01.23-01.53.25:343][  0]LogHMD: Failed to initialize OpenVR with code 110
[2020.01.23-01.53.25:343][  0]LogD3D11RHI: D3D11 adapters:
[2020.01.23-01.53.25:405][  0]LogD3D11RHI:    0. 'NVIDIA GeForce RTX 2080 SUPER' (Feature Level 11_0)
[2020.01.23-01.53.25:405][  0]LogD3D11RHI:       8010/0/16358 MB DedicatedVideo/DedicatedSystem/SharedSystem, Outputs:1, VendorId:0x10de
[2020.01.23-01.53.25:408][  0]LogD3D11RHI:    1. 'Microsoft Basic Render Driver' (Feature Level 11_0)
[2020.01.23-01.53.25:408][  0]LogD3D11RHI:       0/0/16358 MB DedicatedVideo/DedicatedSystem/SharedSystem, Outputs:0, VendorId:0x1414
[2020.01.23-01.53.25:408][  0]LogD3D11RHI: Chosen D3D11 Adapter: 0
[2020.01.23-01.53.25:413][  0]LogD3D11RHI: Creating new Direct3DDevice
[2020.01.23-01.53.25:413][  0]LogD3D11RHI:     GPU DeviceId: 0x1e81 (for the marketing name, search the web for "GPU Device Id")
[2020.01.23-01.53.25:413][  0]LogWindows: EnumDisplayDevices:
[2020.01.23-01.53.25:414][  0]LogWindows:    0. 'NVIDIA GeForce RTX 2080 SUPER' (P:1 D:1)
[2020.01.23-01.53.25:414][  0]LogWindows:    1. 'NVIDIA GeForce RTX 2080 SUPER' (P:0 D:0)
[2020.01.23-01.53.25:414][  0]LogWindows:    2. 'NVIDIA GeForce RTX 2080 SUPER' (P:0 D:0)
[2020.01.23-01.53.25:414][  0]LogWindows:    3. 'NVIDIA GeForce RTX 2080 SUPER' (P:0 D:0)
[2020.01.23-01.53.25:414][  0]LogWindows: DebugString: FoundDriverCount:4 
[2020.01.23-01.53.25:414][  0]LogD3D11RHI:     Adapter Name: NVIDIA GeForce RTX 2080 SUPER
[2020.01.23-01.53.25:414][  0]LogD3D11RHI:   Driver Version: 432.00 (internal:26.21.14.3200, unified:432.00)
[2020.01.23-01.53.25:414][  0]LogD3D11RHI:      Driver Date: 7-24-2019
[2020.01.23-01.53.25:414][  0]LogRHI: Texture pool is 5607 MB (70% of 8010 MB)
[2020.01.23-01.53.25:450][  0]LogD3D11RHI: Async texture creation enabled
[2020.01.23-01.53.25:452][  0]LogRendererCore: FGlobalReadBuffer::InitRHI
[2020.01.23-01.53.25:453][  0]LogRendererCore: FGlobalReadBuffer::InitRHI
[2020.01.23-01.53.25:453][  0]LogRendererCore: FGlobalReadBuffer::InitRHI
[2020.01.23-01.53.25:460][  0]LogD3D11RHI: GPU Timing Frequency: 1000.000000 (Debug: 2 1)
[2020.01.23-01.53.25:707][  0]LogTemp: Display: Module 'AllDesktopTargetPlatform' loaded TargetPlatform 'AllDesktop'
[2020.01.23-01.53.25:719][  0]LogTemp: Display: Module 'MacClientTargetPlatform' loaded TargetPlatform 'MacClient'
[2020.01.23-01.53.25:730][  0]LogTemp: Display: Module 'MacNoEditorTargetPlatform' loaded TargetPlatform 'MacNoEditor'
[2020.01.23-01.53.25:742][  0]LogTemp: Display: Module 'MacServerTargetPlatform' loaded TargetPlatform 'MacServer'
[2020.01.23-01.53.25:753][  0]LogTemp: Display: Module 'MacTargetPlatform' loaded TargetPlatform 'Mac'
[2020.01.23-01.53.25:764][  0]LogTemp: Display: Module 'WindowsClientTargetPlatform' loaded TargetPlatform 'WindowsClient'
[2020.01.23-01.53.25:775][  0]LogTemp: Display: Module 'WindowsNoEditorTargetPlatform' loaded TargetPlatform 'WindowsNoEditor'
[2020.01.23-01.53.25:786][  0]LogTemp: Display: Module 'WindowsServerTargetPlatform' loaded TargetPlatform 'WindowsServer'
[2020.01.23-01.53.25:791][  0]LogTemp: Display: Module 'WindowsTargetPlatform' loaded TargetPlatform 'Windows'
[2020.01.23-01.53.25:863][  0]LogTemp: Display: Module 'AndroidTargetPlatform' loaded TargetPlatform 'Android'
[2020.01.23-01.53.25:863][  0]LogTemp: Display: Module 'AndroidTargetPlatform' loaded TargetPlatform 'Android_ASTC'
[2020.01.23-01.53.25:863][  0]LogTemp: Display: Module 'AndroidTargetPlatform' loaded TargetPlatform 'Android_ATC'
[2020.01.23-01.53.25:863][  0]LogTemp: Display: Module 'AndroidTargetPlatform' loaded TargetPlatform 'Android_DXT'
[2020.01.23-01.53.25:863][  0]LogTemp: Display: Module 'AndroidTargetPlatform' loaded TargetPlatform 'Android_ETC1'
[2020.01.23-01.53.25:863][  0]LogTemp: Display: Module 'AndroidTargetPlatform' loaded TargetPlatform 'Android_ETC1a'
[2020.01.23-01.53.25:863][  0]LogTemp: Display: Module 'AndroidTargetPlatform' loaded TargetPlatform 'Android_ETC2'
[2020.01.23-01.53.25:863][  0]LogTemp: Display: Module 'AndroidTargetPlatform' loaded TargetPlatform 'Android_PVRTC'
[2020.01.23-01.53.25:863][  0]LogTemp: Display: Module 'AndroidTargetPlatform' loaded TargetPlatform 'AndroidClient'
[2020.01.23-01.53.25:863][  0]LogTemp: Display: Module 'AndroidTargetPlatform' loaded TargetPlatform 'Android_ASTCClient'
[2020.01.23-01.53.25:863][  0]LogTemp: Display: Module 'AndroidTargetPlatform' loaded TargetPlatform 'Android_ATCClient'
[2020.01.23-01.53.25:863][  0]LogTemp: Display: Module 'AndroidTargetPlatform' loaded TargetPlatform 'Android_DXTClient'
[2020.01.23-01.53.25:863][  0]LogTemp: Display: Module 'AndroidTargetPlatform' loaded TargetPlatform 'Android_ETC1Client'
[2020.01.23-01.53.25:863][  0]LogTemp: Display: Module 'AndroidTargetPlatform' loaded TargetPlatform 'Android_ETC1aClient'
[2020.01.23-01.53.25:863][  0]LogTemp: Display: Module 'AndroidTargetPlatform' loaded TargetPlatform 'Android_ETC2Client'
[2020.01.23-01.53.25:863][  0]LogTemp: Display: Module 'AndroidTargetPlatform' loaded TargetPlatform 'Android_PVRTCClient'
[2020.01.23-01.53.25:863][  0]LogTemp: Display: Module 'AndroidTargetPlatform' loaded TargetPlatform 'Android_Multi'
[2020.01.23-01.53.25:863][  0]LogTemp: Display: Module 'AndroidTargetPlatform' loaded TargetPlatform 'Android_MultiClient'
[2020.01.23-01.53.25:864][  0]LogTemp: Display: Module 'HTML5TargetPlatform' loaded TargetPlatform 'HTML5'
[2020.01.23-01.53.25:908][  0]LogTemp: Display: Module 'IOSTargetPlatform' loaded TargetPlatform 'IOSClient'
[2020.01.23-01.53.25:909][  0]LogTemp: Display: Module 'IOSTargetPlatform' loaded TargetPlatform 'IOS'
[2020.01.23-01.53.25:929][  0]LogTemp: Display: Module 'TVOSTargetPlatform' loaded TargetPlatform 'TVOSClient'
[2020.01.23-01.53.25:929][  0]LogTemp: Display: Module 'TVOSTargetPlatform' loaded TargetPlatform 'TVOS'
[2020.01.23-01.53.25:940][  0]LogTemp: Display: Module 'LinuxClientTargetPlatform' loaded TargetPlatform 'LinuxClient'
[2020.01.23-01.53.25:950][  0]LogTemp: Display: Module 'LinuxNoEditorTargetPlatform' loaded TargetPlatform 'LinuxNoEditor'
[2020.01.23-01.53.25:961][  0]LogTemp: Display: Module 'LinuxServerTargetPlatform' loaded TargetPlatform 'LinuxServer'
[2020.01.23-01.53.25:972][  0]LogTemp: Display: Module 'LinuxTargetPlatform' loaded TargetPlatform 'Linux'
[2020.01.23-01.53.26:010][  0]LogTemp: Display: Module 'LuminTargetPlatform' loaded TargetPlatform 'Lumin'
[2020.01.23-01.53.26:010][  0]LogTemp: Display: Module 'LuminTargetPlatform' loaded TargetPlatform 'LuminClient'
[2020.01.23-01.53.26:010][  0]LogTargetPlatformManager: Display: Building Assets For Windows
[2020.01.23-01.53.26:015][  0]LogAudioDebug: Display: Lib vorbis DLL was dynamically loaded.
[2020.01.23-01.53.26:044][  0]LogShaderCompilers: Guid format shader working directory is 6 characters bigger than the processId version (C:/Users/B/Desktop/GAM218/MyProject/Intermediate/Shaders/WorkingDirectory/12736/).
[2020.01.23-01.53.26:044][  0]LogShaderCompilers: Cleaned the shader compiler working directory 'C:/Users/B/AppData/Local/Temp/UnrealShaderWorkingDir/B2AA2B174578ACA2E0FA099A5FB3F142/'.
[2020.01.23-01.53.26:045][  0]LogXGEController: Cannot use XGE Controller as Incredibuild is not installed on this machine.
[2020.01.23-01.53.26:045][  0]LogShaderCompilers: Cannot use XGE Shader Compiler as Incredibuild is not installed on this machine.
[2020.01.23-01.53.26:045][  0]LogShaderCompilers: Display: Using Local Shader Compiler.
[2020.01.23-01.53.26:471][  0]LogDerivedDataCache: Display: Max Cache Size: 512 MB
[2020.01.23-01.53.26:503][  0]LogDerivedDataCache: Loaded boot cache 0.03s 73MB C:/Users/B/AppData/Local/UnrealEngine/4.22/DerivedDataCache/Boot.ddc.
[2020.01.23-01.53.26:503][  0]LogDerivedDataCache: Display: Loaded Boot cache: C:/Users/B/AppData/Local/UnrealEngine/4.22/DerivedDataCache/Boot.ddc
[2020.01.23-01.53.26:504][  0]LogDerivedDataCache: FDerivedDataBackendGraph:  Pak pak cache file C:/Users/B/Desktop/GAM218/MyProject/DerivedDataCache/DDC.ddp not found, will not use a pak cache.
[2020.01.23-01.53.26:504][  0]LogDerivedDataCache: Unable to find inner node Pak for hierarchical cache Hierarchy.
[2020.01.23-01.53.26:504][  0]LogDerivedDataCache: FDerivedDataBackendGraph:  CompressedPak pak cache file C:/Users/B/Desktop/GAM218/MyProject/DerivedDataCache/Compressed.ddp not found, will not use a pak cache.
[2020.01.23-01.53.26:504][  0]LogDerivedDataCache: Unable to find inner node CompressedPak for hierarchical cache Hierarchy.
[2020.01.23-01.53.26:514][  0]LogDerivedDataCache: Display: Pak cache opened for reading ../../../Engine/DerivedDataCache/Compressed.ddp.
[2020.01.23-01.53.26:514][  0]LogDerivedDataCache: FDerivedDataBackendGraph:  EnterprisePak pak cache file ../../../Enterprise/DerivedDataCache/Compressed.ddp not found, will not use a pak cache.
[2020.01.23-01.53.26:514][  0]LogDerivedDataCache: Unable to find inner node EnterprisePak for hierarchical cache Hierarchy.
[2020.01.23-01.53.26:526][  0]LogDerivedDataCache: Using Local data cache path C:/Users/B/AppData/Local/UnrealEngine/Common/DerivedDataCache: Writable
[2020.01.23-01.53.26:526][  0]LogDerivedDataCache: Shared data cache path not found in *engine.ini, will not use an Shared cache.
[2020.01.23-01.53.26:526][  0]LogDerivedDataCache: Unable to find inner node Shared for hierarchical cache Hierarchy.
[2020.01.23-01.53.26:543][  0]LogMaterial: Verifying Global Shaders for PCD3D_SM5
[2020.01.23-01.53.26:544][  0]LogSlate: Using FreeType 2.6.0
[2020.01.23-01.53.26:544][  0]LogSlate: SlateFontServices - WITH_FREETYPE: 1, WITH_HARFBUZZ: 1
[2020.01.23-01.53.26:610][  0]LogAssetRegistry: FAssetRegistry took 0.0317 seconds to start up
[2020.01.23-01.53.26:875][  0]LogInit: Selected Device Profile: [Windows]
[2020.01.23-01.53.26:970][  0]LogMeshReduction: Using QuadricMeshReduction for automatic static mesh reduction
[2020.01.23-01.53.26:970][  0]LogMeshReduction: Using SimplygonMeshReduction for automatic skeletal mesh reduction
[2020.01.23-01.53.26:970][  0]LogMeshReduction: Using ProxyLODMeshReduction for automatic mesh merging
[2020.01.23-01.53.26:970][  0]LogMeshReduction: No distributed automatic mesh merging module available
[2020.01.23-01.53.26:970][  0]LogMeshMerging: No distributed automatic mesh merging module available
[2020.01.23-01.53.26:978][  0]LogNetVersion: MyProject 1.0.0, NetCL: 5660361, EngineNetVer: 10, GameNetVer: 0 (Checksum: 2788865488)
[2020.01.23-01.53.27:264][  0]LogPackageLocalizationCache: Processed 10 localized package path(s) for 1 prioritized culture(s) in 0.045051 seconds
[2020.01.23-01.53.27:270][  0]LogUObjectArray: 42205 objects as part of root set at end of initial load.
[2020.01.23-01.53.27:270][  0]LogUObjectAllocator: 7325032 out of 0 bytes used by permanent object pool.
[2020.01.23-01.53.27:270][  0]LogUObjectArray: CloseDisregardForGC: 0/0 objects in disregard for GC pool
[2020.01.23-01.53.27:827][  0]LogTcpMessaging: Initializing TcpMessaging bridge
[2020.01.23-01.53.27:840][  0]LogUdpMessaging: Initializing bridge on interface 0.0.0.0:0 to multicast group 230.0.0.1:6666.
[2020.01.23-01.53.27:937][  0]SourceControl: Source control is disabled
[2020.01.23-01.53.27:937][  0]SourceControl: Source control is disabled
[2020.01.23-01.53.27:938][  0]SourceControl: Source control is disabled
[2020.01.23-01.53.27:939][  0]SourceControl: Source control is disabled
[2020.01.23-01.53.27:945][  0]LogVSAccessor: Display: Unable to create Visual Studio setup instance: 80040154
[2020.01.23-01.53.27:945][  0]LogVSAccessor: Display: Unable to create Visual Studio setup instance: 80040154
[2020.01.23-01.53.28:003][  0]LogAndroidPermission: UAndroidPermissionCallbackProxy::GetInstance
[2020.01.23-01.53.28:075][  0]LogOcInput: OculusInput pre-init called
[2020.01.23-01.53.28:543][  0]LogEngine: Initializing Engine...
[2020.01.23-01.53.28:544][  0]LogHMD: Failed to initialize OpenVR with code 110
[2020.01.23-01.53.28:545][  0]LogStats: UGameplayTagsManager::InitializeManager -  0.000 s
[2020.01.23-01.53.28:678][  0]LogInit: Initializing FReadOnlyCVARCache
[2020.01.23-01.53.28:686][  0]LogAIModule: Creating AISystem for world Untitled
[2020.01.23-01.53.28:699][  0]LogInit: XAudio2 using 'PHL 323E7 (2- NVIDIA High Definition Audio)' : 2 channels at 48 kHz using 16 bits per sample (channel mask 0x3)
[2020.01.23-01.53.28:709][  0]LogInit: FAudioDevice initialized.
[2020.01.23-01.53.28:709][  0]LogNetVersion: Set ProjectVersion to 1.0.0.0. Version Checksum will be recalculated on next use.
[2020.01.23-01.53.28:779][  0]LogDerivedDataCache: Saved boot cache 0.07s 73MB C:/Users/B/AppData/Local/UnrealEngine/4.22/DerivedDataCache/Boot.ddc.
[2020.01.23-01.53.28:784][  0]LogInit: Texture streaming: Enabled
[2020.01.23-01.53.28:796][  0]LogEngineSessionManager: EngineSessionManager initialized
[2020.01.23-01.53.28:812][  0]LogInit: Transaction tracking system initialized
[2020.01.23-01.53.28:824][  0]BlueprintLog: New page: Editor Load
[2020.01.23-01.53.28:874][  0]LocalizationService: Localization service is disabled
[2020.01.23-01.53.28:970][  0]LogVSAccessor: Display: Unable to create Visual Studio setup instance: 80040154
[2020.01.23-01.53.28:970][  0]LogVSAccessor: Display: Unable to create Visual Studio setup instance: 80040154
[2020.01.23-01.53.29:102][  0]LogFileCache: Scanning file cache for directory 'C:/Users/B/Desktop/GAM218/MyProject/Content/' took 0.02s
[2020.01.23-01.53.29:102][  0]LogCook: Display: Max memory allowance for cook 16384mb min free memory 0mb
[2020.01.23-01.53.29:102][  0]LogCook: Display: Mobile HDR setting 1
[2020.01.23-01.53.29:222][  0]SourceControl: Source control is disabled
[2020.01.23-01.53.29:222][  0]Cmd: MAP LOAD FILE="C:/Users/B/Desktop/GAM218/MyProject/Content/FirstPersonBP/Maps/FirstPersonExampleMap.umap" TEMPLATE=0 SHOWPROGRESS=1 FEATURELEVEL=3
[2020.01.23-01.53.29:223][  0]LightingResults: New page: Lighting Build
[2020.01.23-01.53.29:224][  0]MapCheck: New page: Map Check
[2020.01.23-01.53.29:224][  0]LightingResults: New page: Lighting Build
[2020.01.23-01.53.29:250][  0]LogUObjectHash: Compacting FUObjectHashTables data took   1.43ms
[2020.01.23-01.53.29:469][  0]LogLinker: Warning: Can't find file '/Game/FirstPersonBP/Maps/FirstPersonExampleMap_BuiltData'
[2020.01.23-01.53.29:469][  0]LogLinker: Warning: Can't find file for asset '/Game/FirstPersonBP/Maps/FirstPersonExampleMap_BuiltData' while loading NULL.
[2020.01.23-01.53.29:472][  0]LogLinker: Warning: Can't find file '/Game/FirstPersonBP/Maps/FirstPersonExampleMap_BuiltData'
[2020.01.23-01.53.29:472][  0]LogLinker: Warning: Can't find file for asset '/Game/FirstPersonBP/Maps/FirstPersonExampleMap_BuiltData' while loading NULL.
[2020.01.23-01.53.29:473][  0]LogLinker: Warning: Can't find file '/Game/FirstPersonBP/Maps/FirstPersonExampleMap_BuiltData'
[2020.01.23-01.53.29:473][  0]LogLinker: Warning: Can't find file for asset '/Game/FirstPersonBP/Maps/FirstPersonExampleMap_BuiltData' while loading NULL.
[2020.01.23-01.53.29:473][  0]LogLinker: Warning: Can't find file '/Game/FirstPersonBP/Maps/FirstPersonExampleMap_BuiltData'
[2020.01.23-01.53.29:473][  0]LogLinker: Warning: Can't find file for asset '/Game/FirstPersonBP/Maps/FirstPersonExampleMap_BuiltData' while loading NULL.
[2020.01.23-01.53.29:480][  0]LogLinker: Warning: Can't find file '/Game/FirstPersonBP/Maps/FirstPersonExampleMap_BuiltData'
[2020.01.23-01.53.29:480][  0]LoadErrors: Failed to load /Game/FirstPersonBP/Maps/FirstPersonExampleMap_BuiltData.FirstPersonExampleMap_BuiltData Referenced by PersistentLevel
[2020.01.23-01.53.29:480][  0]LogLinker: Warning: Can't find file for asset '/Game/FirstPersonBP/Maps/FirstPersonExampleMap_BuiltData' while loading NULL.
[2020.01.23-01.53.29:753][  0]LogAIModule: Creating AISystem for world FirstPersonExampleMap
[2020.01.23-01.53.29:874][  0]LogEditorServer: Finished looking for orphan Actors (0.000 secs)
[2020.01.23-01.53.29:900][  0]LogUObjectHash: Compacting FUObjectHashTables data took   1.79ms
[2020.01.23-01.53.29:900][  0]Cmd: MAP CHECKDEP NOCLEARLOG
[2020.01.23-01.53.29:900][  0]MapCheck: Map check complete: 0 Error(s), 0 Warning(s), took 0.155ms to complete.
[2020.01.23-01.53.29:900][  0]LogFileHelpers: Loading map 'FirstPersonExampleMap' took 0.678
[2020.01.23-01.53.30:186][  0]LogSlate: Updating window title bar state: overlay mode, drag disabled, window buttons hidden, title bar hidden
[2020.01.23-01.53.30:205][  0]LogSlate: Updating window title bar state: overlay mode, drag disabled, window buttons hidden, title bar hidden
[2020.01.23-01.53.30:210][  0]LogSlate: Updating window title bar state: overlay mode, drag disabled, window buttons hidden, title bar hidden
[2020.01.23-01.53.30:215][  0]LogSlate: Updating window title bar state: overlay mode, drag disabled, window buttons hidden, title bar hidden
[2020.01.23-01.53.30:226][  0]LogCollectionManager: Loaded 0 collections in 0.000758 seconds
[2020.01.23-01.53.30:354][  0]LogFileCache: Scanning file cache for directory 'C:/Users/B/Desktop/GAM218/MyProject/Saved/Collections/' took 0.01s
[2020.01.23-01.53.30:355][  0]LogFileCache: Scanning file cache for directory 'C:/Users/B/Desktop/GAM218/MyProject/Content/Developers/B/Collections/' took 0.01s
[2020.01.23-01.53.30:355][  0]LogFileCache: Scanning file cache for directory 'C:/Users/B/Desktop/GAM218/MyProject/Content/Collections/' took 0.01s
[2020.01.23-01.53.30:355][  0]LogCollectionManager: Rebuilt the GUID cache for 0 collections in 0.000000 seconds
[2020.01.23-01.53.30:363][  0]LogContentBrowser: Native class hierarchy populated in 0.0080 seconds. Added 2732 classes and 659 folders.
[2020.01.23-01.53.30:385][  0]LogContentBrowser: Native class hierarchy updated for 'WidgetCarousel' in 0.0003 seconds. Added 0 classes and 0 folders.
[2020.01.23-01.53.30:426][  0]LogPakFile: Registered encryption key '00000000000000000000000000000000': 0 pak files mounted, 0 remain pending
[2020.01.23-01.53.30:466][  0]LogPakFile: Registered encryption key '00000000000000000000000000000000': 0 pak files mounted, 0 remain pending
[2020.01.23-01.53.30:479][  0]LogPakFile: Registered encryption key '00000000000000000000000000000000': 0 pak files mounted, 0 remain pending
[2020.01.23-01.53.30:483][  0]LogPakFile: Registered encryption key '00000000000000000000000000000000': 0 pak files mounted, 0 remain pending
[2020.01.23-01.53.30:487][  0]LogPakFile: Registered encryption key '00000000000000000000000000000000': 0 pak files mounted, 0 remain pending
[2020.01.23-01.53.30:490][  0]LogPakFile: Registered encryption key '00000000000000000000000000000000': 0 pak files mounted, 0 remain pending
[2020.01.23-01.53.30:494][  0]LogPakFile: Registered encryption key '00000000000000000000000000000000': 0 pak files mounted, 0 remain pending
[2020.01.23-01.53.30:498][  0]LogPakFile: Registered encryption key '00000000000000000000000000000000': 0 pak files mounted, 0 remain pending
[2020.01.23-01.53.30:501][  0]LogPakFile: Registered encryption key '00000000000000000000000000000000': 0 pak files mounted, 0 remain pending
[2020.01.23-01.53.30:505][  0]LogPakFile: Registered encryption key '00000000000000000000000000000000': 0 pak files mounted, 0 remain pending
[2020.01.23-01.53.30:510][  0]LogPakFile: Registered encryption key '00000000000000000000000000000000': 0 pak files mounted, 0 remain pending
[2020.01.23-01.53.30:513][  0]LogPakFile: Registered encryption key '00000000000000000000000000000000': 0 pak files mounted, 0 remain pending
[2020.01.23-01.53.30:533][  0]LogPakFile: Registered encryption key '00000000000000000000000000000000': 0 pak files mounted, 0 remain pending
[2020.01.23-01.53.30:537][  0]LogPakFile: Registered encryption key '00000000000000000000000000000000': 0 pak files mounted, 0 remain pending
[2020.01.23-01.53.30:541][  0]LogPakFile: Registered encryption key '00000000000000000000000000000000': 0 pak files mounted, 0 remain pending
[2020.01.23-01.53.30:545][  0]LogPakFile: Registered encryption key '00000000000000000000000000000000': 0 pak files mounted, 0 remain pending
[2020.01.23-01.53.30:567][  0]LogPakFile: Registered encryption key '00000000000000000000000000000000': 0 pak files mounted, 0 remain pending
[2020.01.23-01.53.30:571][  0]LogPakFile: Registered encryption key '00000000000000000000000000000000': 0 pak files mounted, 0 remain pending
[2020.01.23-01.53.30:574][  0]LogPakFile: Registered encryption key '00000000000000000000000000000000': 0 pak files mounted, 0 remain pending
[2020.01.23-01.53.30:578][  0]LogPakFile: Registered encryption key '00000000000000000000000000000000': 0 pak files mounted, 0 remain pending
[2020.01.23-01.53.30:581][  0]LogPakFile: Registered encryption key '00000000000000000000000000000000': 0 pak files mounted, 0 remain pending
[2020.01.23-01.53.30:585][  0]LogPakFile: Registered encryption key '00000000000000000000000000000000': 0 pak files mounted, 0 remain pending
[2020.01.23-01.53.30:589][  0]LogPakFile: Registered encryption key '00000000000000000000000000000000': 0 pak files mounted, 0 remain pending
[2020.01.23-01.53.30:593][  0]LogPakFile: Registered encryption key '00000000000000000000000000000000': 0 pak files mounted, 0 remain pending
[2020.01.23-01.53.30:597][  0]LogPakFile: Registered encryption key '00000000000000000000000000000000': 0 pak files mounted, 0 remain pending
[2020.01.23-01.53.30:600][  0]LogPakFile: Registered encryption key '00000000000000000000000000000000': 0 pak files mounted, 0 remain pending
[2020.01.23-01.53.30:884][  0]LogContentBrowser: Native class hierarchy updated for 'AddContentDialog' in 0.0002 seconds. Added 0 classes and 0 folders.
[2020.01.23-01.53.30:924][  0]LogContentBrowser: Native class hierarchy updated for 'SceneOutliner' in 0.0003 seconds. Added 1 classes and 2 folders.
[2020.01.23-01.53.31:258][  0]LogSlate: Took 0.000129 seconds to synchronously load lazily loaded font '../../../Engine/Content/Slate/Fonts/Roboto-Regular.ttf' (155K)
[2020.01.23-01.53.31:260][  0]LogSlate: Took 0.000108 seconds to synchronously load lazily loaded font '../../../Engine/Content/Slate/Fonts/Roboto-Bold.ttf' (160K)
[2020.01.23-01.53.31:272][  0]LogSlate: Took 0.009381 seconds to synchronously load lazily loaded font '../../../Engine/Content/Editor/Slate/Fonts/FontAwesome.ttf' (139K)
[2020.01.23-01.53.31:382][  0]LogRenderer: Reallocating scene render targets to support 1208x572 Format 10 NumSamples 1 (Frame:1).
[2020.01.23-01.53.31:545][  0]LogSlate: FSceneViewport::OnFocusLost() reason 2
[2020.01.23-01.53.31:588][  0]LogSlate: Window 'Tutorials' being destroyed
[2020.01.23-01.53.31:618][  0]LogContentBrowser: Native class hierarchy updated for 'HierarchicalLODOutliner' in 0.0002 seconds. Added 0 classes and 0 folders.
[2020.01.23-01.53.31:618][  0]LogLoad: (Engine Initialization) Total time: 8.17 seconds
[2020.01.23-01.53.31:618][  0]LogLoad: (Engine Initialization) Total Blueprint compile time: 0.00 seconds
[2020.01.23-01.53.31:648][  0]LogAssetRegistry: Asset discovery search completed in 5.0598 seconds
[2020.01.23-01.53.31:649][  0]LogCollectionManager: Rebuilt the object cache for 0 collections in 0.000000 seconds (found 0 objects)
[2020.01.23-01.53.31:649][  0]LogCollectionManager: Fixed up redirectors for 0 collections in 0.000025 seconds (updated 0 objects)
[2020.01.23-01.53.31:659][  0]LogContentStreaming: Texture pool size now 1000 MB
[2020.01.23-01.53.31:667][  0]LogSlate: FSceneViewport::OnFocusLost() reason 2
[2020.01.23-01.53.31:759][  0]LogSlate: Took 0.007525 seconds to synchronously load lazily loaded font '../../../Engine/Content/Slate/Fonts/Roboto-Light.ttf' (167K)
[2020.01.23-01.53.32:637][ 94]LogSlate: Took 0.000153 seconds to synchronously load lazily loaded font '../../../Engine/Content/Slate/Fonts/Roboto-Light.ttf' (167K)
[2020.01.23-01.53.41:513][159]LogSlate: Window 'Message Log' being destroyed
[2020.01.23-01.53.41:515][159]LogSlate: Window 'Message Log' being destroyed
[2020.01.23-01.53.48:272][970]LogSlate: FSceneViewport::OnFocusLost() reason 0
[2020.01.23-01.53.48:383][980]LogAssetEditorManager: Opening Asset editor for Blueprint /Game/FirstPersonBP/Blueprints/FirstPersonCharacter.FirstPersonCharacter
[2020.01.23-01.53.48:783][980]LogContentBrowser: Native class hierarchy updated for 'BlueprintGraph' in 0.0007 seconds. Added 121 classes and 0 folders.
[2020.01.23-01.53.49:656][980]LogSlate: Took 0.022153 seconds to synchronously load lazily loaded font '../../../Engine/Content/Slate/Fonts/Roboto-BoldCondensed.ttf' (158K)
[2020.01.23-01.53.50:099][981]LogSlate: Took 0.004239 seconds to synchronously load lazily loaded font '../../../Engine/Content/Slate/Fonts/Roboto-Italic.ttf' (157K)
[2020.01.23-01.53.53:219][328]LogSlate: Window 'FirstPersonCharacter' being destroyed
[2020.01.23-01.53.53:222][328]LogSlate: Window 'FirstPersonCharacter' being destroyed
[2020.01.23-01.53.58:641][960]LogSlate: FSceneViewport::OnFocusLost() reason 0
[2020.01.23-01.53.58:782][976]LogLinker: Warning: Can't find file '/Game/Projec_1_BuiltData'
[2020.01.23-01.53.58:782][976]LogLinker: Warning: Can't find file for asset '/Game/Projec_1_BuiltData' while loading NULL.
[2020.01.23-01.53.58:783][976]LogLinker: Warning: Can't find file '/Game/Projec_1_BuiltData'
[2020.01.23-01.53.58:783][976]LogLinker: Warning: Can't find file for asset '/Game/Projec_1_BuiltData' while loading NULL.
[2020.01.23-01.53.58:783][976]LogLinker: Warning: Can't find file '/Game/Projec_1_BuiltData'
[2020.01.23-01.53.58:784][976]LogLinker: Warning: Can't find file for asset '/Game/Projec_1_BuiltData' while loading NULL.
[2020.01.23-01.53.58:784][976]LogLinker: Warning: Can't find file '/Game/Projec_1_BuiltData'
[2020.01.23-01.53.58:784][976]LogLinker: Warning: Can't find file for asset '/Game/Projec_1_BuiltData' while loading NULL.
[2020.01.23-01.53.58:798][976]LogLinker: Warning: Can't find file '/Game/Projec_1_BuiltData'
[2020.01.23-01.53.58:798][976]LoadErrors: Failed to load /Game/Projec_1_BuiltData.Projec_1_BuiltData Referenced by PersistentLevel
[2020.01.23-01.53.58:798][976]LogLinker: Warning: Can't find file for asset '/Game/Projec_1_BuiltData' while loading NULL.
[2020.01.23-01.53.58:807][976]LogAIModule: Creating AISystem for world Projec_1
[2020.01.23-01.53.58:814][976]LogAssetEditorManager: Opening Asset editor for World /Game/Projec_1.Projec_1
[2020.01.23-01.53.58:844][976]LogUObjectHash: Compacting FUObjectHashTables data took   2.71ms
[2020.01.23-01.53.58:845][976]Cmd: MAP LOAD FILE="C:/Users/B/Desktop/GAM218/MyProject/Content/Projec_1.umap" TEMPLATE=0 SHOWPROGRESS=1 FEATURELEVEL=3
[2020.01.23-01.53.58:845][976]LightingResults: New page: Lighting Build
[2020.01.23-01.53.58:845][976]LoadErrors: New page: Loading map: Projec_1.umap
[2020.01.23-01.53.58:846][976]MapCheck: New page: Map Check
[2020.01.23-01.53.58:846][976]LightingResults: New page: Lighting Build
[2020.01.23-01.53.58:873][976]LogUObjectHash: Compacting FUObjectHashTables data took   2.07ms
[2020.01.23-01.53.58:881][976]LogEditorServer: Finished looking for orphan Actors (0.000 secs)
[2020.01.23-01.53.58:907][976]LogUObjectHash: Compacting FUObjectHashTables data took   1.92ms
[2020.01.23-01.53.58:923][976]Cmd: MAP CHECKDEP NOCLEARLOG
[2020.01.23-01.53.58:923][976]MapCheck: Map check complete: 0 Error(s), 0 Warning(s), took 0.121ms to complete.
[2020.01.23-01.53.58:923][976]LogFileHelpers: Loading map 'Projec_1' took 0.079
[2020.01.23-01.54.05:523][763]LogSlate: FSceneViewport::OnFocusLost() reason 0
[2020.01.23-02.00.24:554][112]LogUObjectHash: Compacting FUObjectHashTables data took   1.96ms
[2020.01.23-02.00.24:618][112]LogSlate: Window 'MyProject - Unreal Editor' being destroyed
[2020.01.23-02.00.24:782][113]Cmd: QUIT_EDITOR
[2020.01.23-02.00.24:795][113]LogWindowsTextInputMethodSystem: Display: IME system now deactivated.
[2020.01.23-02.00.24:802][113]LogExit: Preparing to exit.
[2020.01.23-02.00.25:083][113]LogExit: Editor shut down
[2020.01.23-02.00.25:083][113]LogExit: Transaction tracking system shut down
[2020.01.23-02.00.25:334][113]LogExit: Object subsystem successfully closed.
[2020.01.23-02.00.25:350][113]LogShaderCompilers: Display: Shaders left to compile 0
[2020.01.23-02.00.25:353][113]LogD3D11RHI: Shutdown
[2020.01.23-02.00.25:353][113]LogD3D11RHI: CleanupD3DDevice
[2020.01.23-02.00.25:353][113]LogRendererCore: FGlobalReadBuffer::ReleaseRHI
[2020.01.23-02.00.25:353][113]LogRendererCore: FGlobalDynamicReadBuffer::Cleanup()
[2020.01.23-02.00.25:353][113]LogRendererCore: FGlobalReadBuffer::ReleaseRHI
[2020.01.23-02.00.25:353][113]LogRendererCore: FGlobalDynamicReadBuffer::Cleanup()
[2020.01.23-02.00.25:353][113]LogRendererCore: FGlobalReadBuffer::ReleaseRHI
[2020.01.23-02.00.25:353][113]LogRendererCore: FGlobalDynamicReadBuffer::Cleanup()
[2020.01.23-02.00.25:401][113]LogD3D11RHI: ~FD3D11DynamicRHI
[2020.01.23-02.00.25:420][113]LogModuleManager: Shutting down and abandoning module BlueprintGraph (644)
[2020.01.23-02.00.25:420][113]LogModuleManager: Shutting down and abandoning module HierarchicalLODOutliner (642)
[2020.01.23-02.00.25:420][113]LogModuleManager: Shutting down and abandoning module SceneOutliner (640)
[2020.01.23-02.00.25:420][113]LogModuleManager: Shutting down and abandoning module AddContentDialog (638)
[2020.01.23-02.00.25:420][113]LogModuleManager: Shutting down and abandoning module WidgetCarousel (637)
[2020.01.23-02.00.25:420][113]LogModuleManager: Shutting down and abandoning module EditorWidgets (634)
[2020.01.23-02.00.25:420][113]LogModuleManager: Shutting down and abandoning module CollectionManager (632)
[2020.01.23-02.00.25:420][113]LogModuleManager: Shutting down and abandoning module StatsViewer (630)
[2020.01.23-02.00.25:420][113]LogModuleManager: Shutting down and abandoning module FoliageEdit (628)
[2020.01.23-02.00.25:420][113]LogModuleManager: Shutting down and abandoning module LandscapeEditor (626)
[2020.01.23-02.00.25:420][113]LogModuleManager: Shutting down and abandoning module MeshPaintMode (624)
[2020.01.23-02.00.25:421][113]LogModuleManager: Shutting down and abandoning module SceneDepthPickerMode (622)
[2020.01.23-02.00.25:421][113]LogModuleManager: Shutting down and abandoning module ActorPickerMode (620)
[2020.01.23-02.00.25:421][113]LogModuleManager: Shutting down and abandoning module GeometryMode (618)
[2020.01.23-02.00.25:421][113]LogModuleManager: Shutting down and abandoning module TextureAlignMode (616)
[2020.01.23-02.00.25:421][113]LogModuleManager: Shutting down and abandoning module BspMode (614)
[2020.01.23-02.00.25:421][113]LogModuleManager: Shutting down and abandoning module PIEPreviewDeviceProfileSelector (612)
[2020.01.23-02.00.25:421][113]LogModuleManager: Shutting down and abandoning module SequenceRecorderSections (610)
[2020.01.23-02.00.25:421][113]LogModuleManager: Shutting down and abandoning module AutomationWorker (608)
[2020.01.23-02.00.25:421][113]LogModuleManager: Shutting down and abandoning module OculusMR (606)
[2020.01.23-02.00.25:421][113]LogModuleManager: Shutting down and abandoning module AudioCaptureEditor (604)
[2020.01.23-02.00.25:421][113]LogModuleManager: Shutting down and abandoning module MatineeToLevelSequence (602)
[2020.01.23-02.00.25:421][113]LogModuleManager: Shutting down and abandoning module LevelSequenceEditor (600)
[2020.01.23-02.00.25:421][113]LogModuleManager: Shutting down and abandoning module PlacementMode (599)
[2020.01.23-02.00.25:421][113]LogModuleManager: Shutting down and abandoning module MaterialEditor (598)
[2020.01.23-02.00.25:421][113]LogModuleManager: Shutting down and abandoning module ActorSequenceEditor (594)
[2020.01.23-02.00.25:421][113]LogModuleManager: Shutting down and abandoning module WmfMediaFactory (592)
[2020.01.23-02.00.25:421][113]LogModuleManager: Shutting down and abandoning module WmfMediaEditor (590)
[2020.01.23-02.00.25:421][113]LogModuleManager: Shutting down and abandoning module WebMMediaFactory (588)
[2020.01.23-02.00.25:421][113]LogModuleManager: Shutting down and abandoning module WebMMediaEditor (586)
[2020.01.23-02.00.25:421][113]LogModuleManager: Shutting down and abandoning module WebMMedia (584)
[2020.01.23-02.00.25:421][113]LogModuleManager: Shutting down and abandoning module MediaPlayerEditor (582)
[2020.01.23-02.00.25:421][113]LogModuleManager: Shutting down and abandoning module MediaCompositingEditor (580)
[2020.01.23-02.00.25:421][113]LogModuleManager: Shutting down and abandoning module SequenceRecorder (579)
[2020.01.23-02.00.25:421][113]LogModuleManager: Shutting down and abandoning module OpenExrWrapper (576)
[2020.01.23-02.00.25:421][113]LogModuleManager: Shutting down and abandoning module ImgMediaFactory (574)
[2020.01.23-02.00.25:421][113]LogModuleManager: Shutting down and abandoning module ImgMediaEditor (572)
[2020.01.23-02.00.25:421][113]LogModuleManager: Shutting down and abandoning module AvfMediaFactory (570)
[2020.01.23-02.00.25:421][113]LogModuleManager: Shutting down and abandoning module AvfMediaEditor (568)
[2020.01.23-02.00.25:421][113]LogModuleManager: Shutting down and abandoning module AndroidMediaFactory (566)
[2020.01.23-02.00.25:421][113]LogModuleManager: Shutting down and abandoning module AndroidMediaEditor (564)
[2020.01.23-02.00.25:421][113]LogModuleManager: Shutting down and abandoning module MagicLeapCameraPreviewFactory (562)
[2020.01.23-02.00.25:421][113]LogModuleManager: Shutting down and abandoning module MagicLeapMediaCodecFactory (560)
[2020.01.23-02.00.25:421][113]LogModuleManager: Shutting down and abandoning module MagicLeapMediaFactory (558)
[2020.01.23-02.00.25:421][113]LogModuleManager: Shutting down and abandoning module MagicLeapMediaEditor (556)
[2020.01.23-02.00.25:421][113]LogModuleManager: Shutting down and abandoning module CharacterAI (554)
[2020.01.23-02.00.25:421][113]LogModuleManager: Shutting down and abandoning module SmartSnapping (552)
[2020.01.23-02.00.25:421][113]LogModuleManager: Shutting down and abandoning module SessionServices (550)
[2020.01.23-02.00.25:421][113]LogModuleManager: Shutting down and abandoning module MeshPaint (548)
[2020.01.23-02.00.25:421][113]LogModuleManager: Shutting down and abandoning module ViewportSnapping (546)
[2020.01.23-02.00.25:421][113]LogModuleManager: Shutting down and abandoning module ViewportInteraction (544)
[2020.01.23-02.00.25:421][113]LogModuleManager: Shutting down and abandoning module ClothPainter (542)
[2020.01.23-02.00.25:421][113]LogModuleManager: Shutting down and abandoning module SkeletalMeshEditor (541)
[2020.01.23-02.00.25:421][113]LogModuleManager: Shutting down and abandoning module LogVisualizer (538)
[2020.01.23-02.00.25:421][113]LogModuleManager: Shutting down and abandoning module IntroTutorials (536)
[2020.01.23-02.00.25:421][113]LogModuleManager: Shutting down and abandoning module GameProjectGeneration (535)
[2020.01.23-02.00.25:421][113]LogModuleManager: Shutting down and abandoning module LuminPlatformEditor (532)
[2020.01.23-02.00.25:421][113]LogModuleManager: Shutting down and abandoning module IOSPlatformEditor (530)
[2020.01.23-02.00.25:421][113]LogModuleManager: Shutting down and abandoning module HTML5PlatformEditor (528)
[2020.01.23-02.00.25:421][113]LogModuleManager: Shutting down and abandoning module AndroidPlatformEditor (526)
[2020.01.23-02.00.25:421][113]LogModuleManager: Shutting down and abandoning module AndroidDeviceDetection (525)
[2020.01.23-02.00.26:141][113]LogModuleManager: Shutting down and abandoning module WindowsPlatformEditor (522)
[2020.01.23-02.00.26:141][113]LogModuleManager: Shutting down and abandoning module LuminRuntimeSettings (520)
[2020.01.23-02.00.26:141][113]LogModuleManager: Shutting down and abandoning module IOSRuntimeSettings (518)
[2020.01.23-02.00.26:141][113]LogModuleManager: Shutting down and abandoning module AndroidRuntimeSettings (516)
[2020.01.23-02.00.26:141][113]LogModuleManager: Shutting down and abandoning module TimeManagementEditor (514)
[2020.01.23-02.00.26:141][113]LogModuleManager: Shutting down and abandoning module InputBindingEditor (512)
[2020.01.23-02.00.26:141][113]LogModuleManager: Shutting down and abandoning module MergeActors (510)
[2020.01.23-02.00.26:141][113]LogModuleManager: Shutting down and abandoning module LocalizationDashboard (508)
[2020.01.23-02.00.26:142][113]LogModuleManager: Shutting down and abandoning module LocalizationService (507)
[2020.01.23-02.00.26:142][113]LogModuleManager: Shutting down and abandoning module HardwareTargeting (504)
[2020.01.23-02.00.26:142][113]LogModuleManager: Shutting down and abandoning module DeviceProfileEditor (502)
[2020.01.23-02.00.26:142][113]LogModuleManager: Shutting down and abandoning module UndoHistory (500)
[2020.01.23-02.00.26:142][113]LogModuleManager: Shutting down and abandoning module XmlParser (498)
[2020.01.23-02.00.26:142][113]LogModuleManager: Shutting down and abandoning module Blutility (496)
[2020.01.23-02.00.26:142][113]LogModuleManager: Shutting down and abandoning module ProjectSettingsViewer (494)
[2020.01.23-02.00.26:142][113]LogModuleManager: Shutting down and abandoning module ProjectTargetPlatformEditor (493)
[2020.01.23-02.00.26:142][113]LogModuleManager: Shutting down and abandoning module EditorSettingsViewer (490)
[2020.01.23-02.00.26:142][113]LogModuleManager: Shutting down and abandoning module SettingsEditor (488)
[2020.01.23-02.00.26:142][113]LogModuleManager: Shutting down and abandoning module ProjectLauncher (486)
[2020.01.23-02.00.26:142][113]LogModuleManager: Shutting down and abandoning module SessionFrontend (484)
[2020.01.23-02.00.26:142][113]LogModuleManager: Shutting down and abandoning module ProfilerClient (482)
[2020.01.23-02.00.26:142][113]LogModuleManager: Shutting down and abandoning module DeviceManager (480)
[2020.01.23-02.00.26:142][113]LogModuleManager: Shutting down and abandoning module TargetDeviceServices (479)
[2020.01.23-02.00.26:186][113]LogModuleManager: Shutting down and abandoning module AutomationController (476)
[2020.01.23-02.00.26:186][113]LogModuleManager: Shutting down and abandoning module AutomationWindow (474)
[2020.01.23-02.00.26:186][113]LogModuleManager: Shutting down and abandoning module Layers (472)
[2020.01.23-02.00.26:186][113]LogModuleManager: Shutting down and abandoning module ComponentVisualizers (470)
[2020.01.23-02.00.26:186][113]LogModuleManager: Shutting down and abandoning module DetailCustomizations (468)
[2020.01.23-02.00.26:186][113]LogModuleManager: Shutting down and abandoning module PackagesDialog (466)
[2020.01.23-02.00.26:186][113]LogModuleManager: Shutting down and abandoning module AnimationBlueprintEditor (464)
[2020.01.23-02.00.26:186][113]LogModuleManager: Shutting down and abandoning module Persona (462)
[2020.01.23-02.00.26:186][113]LogModuleManager: Shutting down and abandoning module AdvancedPreviewScene (461)
[2020.01.23-02.00.26:186][113]LogModuleManager: Shutting down and abandoning module AnimGraph (459)
[2020.01.23-02.00.26:186][113]LogModuleManager: Shutting down and abandoning module Kismet (456)
[2020.01.23-02.00.26:190][113]LogModuleManager: Shutting down and abandoning module GraphEditor (454)
[2020.01.23-02.00.26:190][113]LogModuleManager: Shutting down and abandoning module ClassViewer (452)
[2020.01.23-02.00.26:190][113]LogModuleManager: Shutting down and abandoning module Toolbox (450)
[2020.01.23-02.00.26:190][113]LogModuleManager: Shutting down and abandoning module ModuleUI (448)
[2020.01.23-02.00.26:190][113]LogModuleManager: Shutting down and abandoning module MovieSceneTools (446)
[2020.01.23-02.00.26:190][113]LogModuleManager: Shutting down and abandoning module OutputLog (444)
[2020.01.23-02.00.26:190][113]LogModuleManager: Shutting down and abandoning module GammaUI (442)
[2020.01.23-02.00.26:190][113]LogModuleManager: Shutting down and abandoning module Documentation (440)
[2020.01.23-02.00.26:190][113]LogModuleManager: Shutting down and abandoning module LiveCoding (438)
[2020.01.23-02.00.26:190][113]LogModuleManager: Shutting down and abandoning module LevelSequence (436)
[2020.01.23-02.00.26:190][113]LogModuleManager: Shutting down and abandoning module MovieSceneTracks (434)
[2020.01.23-02.00.26:190][113]LogModuleManager: Shutting down and abandoning module MovieScene (432)
[2020.01.23-02.00.26:190][113]LogModuleManager: Shutting down and abandoning module StreamingPauseRendering (430)
[2020.01.23-02.00.26:190][113]LogModuleManager: Shutting down and abandoning module LauncherPlatform (428)
[2020.01.23-02.00.26:190][113]LogModuleManager: Shutting down and abandoning module AnalyticsET (426)
[2020.01.23-02.00.26:190][113]LogModuleManager: Shutting down and abandoning module PortalServices (424)
[2020.01.23-02.00.26:190][113]LogModuleManager: Shutting down and abandoning module PortalRpc (422)
[2020.01.23-02.00.26:190][113]LogModuleManager: Shutting down and abandoning module MessagingRpc (420)
[2020.01.23-02.00.26:190][113]LogModuleManager: Shutting down and abandoning module AIModule (418)
[2020.01.23-02.00.26:190][113]LogModuleManager: Shutting down and abandoning module GameplayDebugger (417)
[2020.01.23-02.00.26:190][113]LogModuleManager: Shutting down and abandoning module AITestSuite (415)
[2020.01.23-02.00.26:190][113]LogModuleManager: Shutting down and abandoning module NavigationSystem (413)
[2020.01.23-02.00.26:190][113]LogModuleManager: Shutting down and abandoning module DesktopPlatform (410)
[2020.01.23-02.00.26:190][113]LogModuleManager: Shutting down and abandoning module ImageWriteQueue (408)
[2020.01.23-02.00.26:193][113]LogModuleManager: Shutting down and abandoning module ProfilerService (406)
[2020.01.23-02.00.26:340][113]LogModuleManager: Shutting down and abandoning module TaskGraph (404)
[2020.01.23-02.00.26:340][113]LogModuleManager: Shutting down and abandoning module SteamVRController (402)
[2020.01.23-02.00.26:340][113]LogModuleManager: Shutting down and abandoning module ProceduralMeshComponentEditor (400)
[2020.01.23-02.00.26:340][113]LogModuleManager: Shutting down and abandoning module ProceduralMeshComponent (398)
[2020.01.23-02.00.26:340][113]LogModuleManager: Shutting down and abandoning module OculusEditor (396)
[2020.01.23-02.00.26:341][113]LogModuleManager: Shutting down and abandoning module OculusInput (394)
[2020.01.23-02.00.26:341][113]LogModuleManager: Shutting down and abandoning module MobilePatchingUtils (392)
[2020.01.23-02.00.26:341][113]LogModuleManager: Shutting down and abandoning module EditableMesh (390)
[2020.01.23-02.00.26:341][113]LogModuleManager: Shutting down and abandoning module CustomMeshComponent (388)
[2020.01.23-02.00.26:341][113]LogModuleManager: Shutting down and abandoning module CableComponent (386)
[2020.01.23-02.00.26:341][113]LogModuleManager: Shutting down and abandoning module AudioCapture (384)
[2020.01.23-02.00.26:341][113]LogModuleManager: Shutting down and abandoning module ArchVisCharacter (382)
[2020.01.23-02.00.26:341][113]LogModuleManager: Shutting down and abandoning module AndroidPermission (380)
[2020.01.23-02.00.26:341][113]LogModuleManager: Shutting down and abandoning module NUTUnrealEngine4 (378)
[2020.01.23-02.00.26:341][113]LogModuleManager: Shutting down and abandoning module NetcodeUnitTest (376)
[2020.01.23-02.00.26:341][113]LogModuleManager: Shutting down and abandoning module MediaCompositing (374)
[2020.01.23-02.00.26:341][113]LogModuleManager: Shutting down and abandoning module LinearTimecode (372)
[2020.01.23-02.00.26:341][113]LogModuleManager: Shutting down and abandoning module ImgMedia (370)
[2020.01.23-02.00.26:341][113]LogModuleManager: Shutting down and abandoning module MagicLeapHelperVulkan (368)
[2020.01.23-02.00.26:341][113]LogModuleManager: Shutting down and abandoning module MagicLeapHelperOpenGL (366)
[2020.01.23-02.00.26:341][113]LogModuleManager: Shutting down and abandoning module MagicLeapAudio (364)
[2020.01.23-02.00.26:341][113]LogModuleManager: Shutting down and abandoning module HTML5Networking (362)
[2020.01.23-02.00.26:341][113]LogModuleManager: Shutting down and abandoning module GeometryCacheTracks (360)
[2020.01.23-02.00.26:341][113]LogModuleManager: Shutting down and abandoning module GeometryCacheSequencer (358)
[2020.01.23-02.00.26:341][113]LogModuleManager: Shutting down and abandoning module BackChannel (356)
[2020.01.23-02.00.26:341][113]LogModuleManager: Shutting down and abandoning module AppleVision (354)
[2020.01.23-02.00.26:341][113]LogModuleManager: Shutting down and abandoning module AppleImageUtilsBlueprintSupport (352)
[2020.01.23-02.00.26:341][113]LogModuleManager: Shutting down and abandoning module AppleImageUtils (350)
[2020.01.23-02.00.26:341][113]LogModuleManager: Shutting down and abandoning module AlembicImporter (348)
[2020.01.23-02.00.26:341][113]LogModuleManager: Shutting down and abandoning module AlembicLibrary (347)
[2020.01.23-02.00.26:341][113]LogModuleManager: Shutting down and abandoning module GeometryCache (346)
[2020.01.23-02.00.26:341][113]LogModuleManager: Shutting down and abandoning module GeometryCacheEd (345)
[2020.01.23-02.00.26:341][113]LogModuleManager: Shutting down and abandoning module VariantManagerContent (340)
[2020.01.23-02.00.26:341][113]LogModuleManager: Shutting down and abandoning module DatasmithContentEditor (338)
[2020.01.23-02.00.26:341][113]LogModuleManager: Shutting down and abandoning module SpeedTreeImporter (336)
[2020.01.23-02.00.26:341][113]LogModuleManager: Shutting down and abandoning module PluginBrowser (334)
[2020.01.23-02.00.26:341][113]LogModuleManager: Shutting down and abandoning module MobileLauncherProfileWizard (332)
[2020.01.23-02.00.26:341][113]LogModuleManager: Shutting down and abandoning module MaterialAnalyzer (330)
[2020.01.23-02.00.26:341][113]LogModuleManager: Shutting down and abandoning module CryptoKeysOpenSSL (328)
[2020.01.23-02.00.26:341][113]LogModuleManager: Shutting down and abandoning module CryptoKeys (326)
[2020.01.23-02.00.26:341][113]LogModuleManager: Shutting down and abandoning module VisualStudioSourceCodeAccess (324)
[2020.01.23-02.00.26:341][113]LogModuleManager: Shutting down and abandoning module VisualStudioCodeSourceCodeAccess (322)
[2020.01.23-02.00.26:341][113]LogModuleManager: Shutting down and abandoning module UObjectPlugin (320)
[2020.01.23-02.00.26:341][113]LogModuleManager: Shutting down and abandoning module SubversionSourceControl (318)
[2020.01.23-02.00.26:341][113]LogModuleManager: Shutting down and abandoning module PerforceSourceControl (316)
[2020.01.23-02.00.26:341][113]LogModuleManager: Shutting down and abandoning module GitSourceControl (314)
[2020.01.23-02.00.26:341][113]LogModuleManager: Shutting down and abandoning module SourceControl (313)
[2020.01.23-02.00.26:341][113]LogModuleManager: Shutting down and abandoning module CLionSourceCodeAccess (310)
[2020.01.23-02.00.26:341][113]LogModuleManager: Shutting down and abandoning module AnimationSharingEd (308)
[2020.01.23-02.00.26:341][113]LogModuleManager: Shutting down and abandoning module ActorLayerUtilitiesEditor (306)
[2020.01.23-02.00.26:341][113]LogModuleManager: Shutting down and abandoning module ActorLayerUtilities (304)
[2020.01.23-02.00.26:341][113]LogModuleManager: Shutting down and abandoning module LightPropagationVolumeEditor (302)
[2020.01.23-02.00.26:341][113]LogModuleManager: Shutting down and abandoning module PaperTiledImporter (300)
[2020.01.23-02.00.26:341][113]LogModuleManager: Shutting down and abandoning module PaperSpriteSheetImporter (298)
[2020.01.23-02.00.26:341][113]LogModuleManager: Shutting down and abandoning module Paper2DEditor (296)
[2020.01.23-02.00.26:341][113]LogModuleManager: Shutting down and abandoning module SignificanceManager (294)
[2020.01.23-02.00.26:341][113]LogModuleManager: Shutting down and abandoning module RuntimePhysXCooking (292)
[2020.01.23-02.00.26:341][113]LogModuleManager: Shutting down and abandoning module PhysXVehiclesEditor (290)
[2020.01.23-02.00.26:341][113]LogModuleManager: Shutting down and abandoning module PhysXVehicles (288)
[2020.01.23-02.00.26:341][113]LogModuleManager: Shutting down and abandoning module LocationServicesBPLibrary (286)
[2020.01.23-02.00.26:341][113]LogModuleManager: Shutting down and abandoning module ActorSequence (284)
[2020.01.23-02.00.26:341][113]LogModuleManager: Shutting down and abandoning module UdpMessaging (282)
[2020.01.23-02.00.26:443][113]LogModuleManager: Shutting down and abandoning module TcpMessaging (280)
[2020.01.23-02.00.26:544][113]LogModuleManager: Shutting down and abandoning module MagicLeapIdentity (278)
[2020.01.23-02.00.26:544][113]LogModuleManager: Shutting down and abandoning module MagicLeapSecureStorage (276)
[2020.01.23-02.00.26:544][113]LogModuleManager: Shutting down and abandoning module MagicLeapHandTracking (274)
[2020.01.23-02.00.26:544][113]LogModuleManager: Shutting down and abandoning module MagicLeapEyeTracker (272)
[2020.01.23-02.00.26:544][113]LogModuleManager: Shutting down and abandoning module MagicLeapController (270)
[2020.01.23-02.00.26:544][113]LogSlate: Slate User Destroyed.  User Index 0, Is Virtual User: 0
[2020.01.23-02.00.26:544][113]LogModuleManager: Shutting down and abandoning module MagicLeapAR (268)
[2020.01.23-02.00.26:544][113]LogModuleManager: Shutting down and abandoning module AugmentedReality (267)
[2020.01.23-02.00.26:544][113]LogModuleManager: Shutting down and abandoning module GameplayTagsEditor (264)
[2020.01.23-02.00.26:544][113]LogModuleManager: Shutting down and abandoning module FacialAnimationEditor (262)
[2020.01.23-02.00.26:544][113]LogModuleManager: Shutting down and abandoning module FacialAnimation (260)
[2020.01.23-02.00.26:544][113]LogModuleManager: Shutting down and abandoning module DataValidation (258)
[2020.01.23-02.00.26:544][113]LogModuleManager: Shutting down and abandoning module AssetManagerEditor (256)
[2020.01.23-02.00.26:544][113]LogModuleManager: Shutting down and abandoning module LevelEditor (255)
[2020.01.23-02.00.26:545][113]LogModuleManager: Shutting down and abandoning module PixelInspectorModule (254)
[2020.01.23-02.00.26:545][113]LogModuleManager: Shutting down and abandoning module CommonMenuExtensions (252)
[2020.01.23-02.00.26:545][113]LogModuleManager: Shutting down and abandoning module MainFrame (250)
[2020.01.23-02.00.26:545][113]LogModuleManager: Shutting down and abandoning module HotReload (249)
[2020.01.23-02.00.26:545][113]LogModuleManager: Shutting down and abandoning module ContentBrowser (245)
[2020.01.23-02.00.26:546][113]LogModuleManager: Shutting down and abandoning module TreeMap (243)
[2020.01.23-02.00.26:546][113]LogModuleManager: Shutting down and abandoning module AnimationSharing (240)
[2020.01.23-02.00.26:546][113]LogModuleManager: Shutting down and abandoning module LightPropagationVolumeRuntime (238)
[2020.01.23-02.00.26:546][113]LogModuleManager: Shutting down and abandoning module AISupportModule (236)
[2020.01.23-02.00.26:546][113]LogModuleManager: Shutting down and abandoning module Paper2D (234)
[2020.01.23-02.00.26:546][113]LogModuleManager: Shutting down and abandoning module WindowsMoviePlayer (232)
[2020.01.23-02.00.26:546][113]LogModuleManager: Shutting down and abandoning module WebMMoviePlayer (230)
[2020.01.23-02.00.26:546][113]LogModuleManager: Shutting down and abandoning module PacketHandler (228)
[2020.01.23-02.00.26:546][113]LogModuleManager: Shutting down and abandoning module ClothingSystemEditor (226)
[2020.01.23-02.00.26:546][113]LogModuleManager: Shutting down and abandoning module ClothingSystemRuntime (224)
[2020.01.23-02.00.26:546][113]LogModuleManager: Shutting down and abandoning module MediaAssets (222)
[2020.01.23-02.00.26:546][113]LogModuleManager: Shutting down and abandoning module Overlay (220)
[2020.01.23-02.00.26:546][113]LogModuleManager: Shutting down and abandoning module OverlayEditor (219)
[2020.01.23-02.00.26:546][113]LogModuleManager: Shutting down and abandoning module VREditor (216)
[2020.01.23-02.00.26:546][113]LogModuleManager: Shutting down and abandoning module StringTableEditor (214)
[2020.01.23-02.00.26:546][113]LogModuleManager: Shutting down and abandoning module GameplayTasksEditor (212)
[2020.01.23-02.00.26:546][113]LogModuleManager: Shutting down and abandoning module BehaviorTreeEditor (210)
[2020.01.23-02.00.26:546][113]LogModuleManager: Shutting down and abandoning module FunctionalTesting (208)
[2020.01.23-02.00.26:546][113]LogModuleManager: Shutting down and abandoning module CollisionAnalyzer (206)
[2020.01.23-02.00.26:546][113]LogModuleManager: Shutting down and abandoning module WorkspaceMenuStructure (205)
[2020.01.23-02.00.26:546][113]LogModuleManager: Shutting down and abandoning module UMG (202)
[2020.01.23-02.00.26:546][113]LogModuleManager: Shutting down and abandoning module UMGEditor (201)
[2020.01.23-02.00.26:546][113]LogModuleManager: Shutting down and abandoning module Sequencer (200)
[2020.01.23-02.00.26:546][113]LogModuleManager: Shutting down and abandoning module MessageLog (197)
[2020.01.23-02.00.26:546][113]LogModuleManager: Shutting down and abandoning module SlateReflector (192)
[2020.01.23-02.00.26:546][113]LogModuleManager: Shutting down and abandoning module Slate (190)
[2020.01.23-02.00.26:546][113]LogModuleManager: Shutting down and abandoning module EditorStyle (188)
[2020.01.23-02.00.26:547][113]LogModuleManager: Shutting down and abandoning module UnrealEd (186)
[2020.01.23-02.00.26:547][113]LogModuleManager: Shutting down and abandoning module MRMesh (184)
[2020.01.23-02.00.26:547][113]LogModuleManager: Shutting down and abandoning module SourceCodeAccess (182)
[2020.01.23-02.00.26:547][113]LogModuleManager: Shutting down and abandoning module HeadMountedDisplay (180)
[2020.01.23-02.00.26:547][113]LogModuleManager: Shutting down and abandoning module XAudio2 (178)
[2020.01.23-02.00.26:547][113]LogModuleManager: Shutting down and abandoning module Networking (176)
[2020.01.23-02.00.26:547][113]LogModuleManager: Shutting down and abandoning module Core (174)
[2020.01.23-02.00.26:547][113]LogModuleManager: Shutting down and abandoning module KismetCompiler (172)
[2020.01.23-02.00.26:547][113]LogModuleManager: Shutting down and abandoning module MeshUtilities (170)
[2020.01.23-02.00.26:547][113]LogModuleManager: Shutting down and abandoning module MeshMergeUtilities (169)
[2020.01.23-02.00.26:547][113]LogModuleManager: Shutting down and abandoning module MeshReductionInterface (168)
[2020.01.23-02.00.26:547][113]LogModuleManager: Shutting down and abandoning module SkeletalMeshReduction (167)
[2020.01.23-02.00.26:547][113]LogModuleManager: Shutting down and abandoning module ProxyLODMeshReduction (165)
[2020.01.23-02.00.26:547][113]LogModuleManager: Shutting down and abandoning module QuadricMeshReduction (163)
[2020.01.23-02.00.26:547][113]LogModuleManager: Shutting down and abandoning module MaterialBaking (159)
[2020.01.23-02.00.26:547][113]LogModuleManager: Shutting down and abandoning module DerivedDataCache (154)
[2020.01.23-02.00.26:620][113]LogDerivedDataCache: Shutdown
[2020.01.23-02.00.26:620][113]LogModuleManager: Shutting down and abandoning module XGEController (152)
[2020.01.23-02.00.26:620][113]LogModuleManager: Shutting down and abandoning module TargetPlatform (150)
[2020.01.23-02.00.26:620][113]LogModuleManager: Shutting down and abandoning module VulkanShaderFormat (149)
[2020.01.23-02.00.26:620][113]LogModuleManager: Shutting down and abandoning module ShaderFormatVectorVM (147)
[2020.01.23-02.00.26:620][113]LogModuleManager: Shutting down and abandoning module ShaderFormatOpenGL (145)
[2020.01.23-02.00.26:620][113]LogModuleManager: Shutting down and abandoning module ShaderFormatD3D (143)
[2020.01.23-02.00.26:620][113]LogModuleManager: Shutting down and abandoning module MetalShaderFormat (141)
[2020.01.23-02.00.26:620][113]LogModuleManager: Shutting down and abandoning module TextureFormatUncompressed (139)
[2020.01.23-02.00.26:621][113]LogModuleManager: Shutting down and abandoning module TextureFormatPVR (137)
[2020.01.23-02.00.26:621][113]LogModuleManager: Shutting down and abandoning module TextureFormatDXT (135)
[2020.01.23-02.00.26:621][113]LogModuleManager: Shutting down and abandoning module TextureFormatIntelISPCTexComp (133)
[2020.01.23-02.00.26:621][113]LogModuleManager: Shutting down and abandoning module TextureFormatASTC (131)
[2020.01.23-02.00.26:621][113]LogModuleManager: Shutting down and abandoning module ImageWrapper (130)
[2020.01.23-02.00.26:621][113]LogModuleManager: Shutting down and abandoning module TextureFormatAndroid (127)
[2020.01.23-02.00.26:621][113]LogModuleManager: Shutting down and abandoning module AudioFormatOpus (125)
[2020.01.23-02.00.26:621][113]LogModuleManager: Shutting down and abandoning module AudioFormatOgg (123)
[2020.01.23-02.00.26:621][113]LogModuleManager: Shutting down and abandoning module AudioFormatADPCM (121)
[2020.01.23-02.00.26:621][113]LogModuleManager: Shutting down and abandoning module LuminTargetPlatform (119)
[2020.01.23-02.00.26:621][113]LogModuleManager: Shutting down and abandoning module LinuxTargetPlatform (117)
[2020.01.23-02.00.26:621][113]LogModuleManager: Shutting down and abandoning module LinuxServerTargetPlatform (115)
[2020.01.23-02.00.26:621][113]LogModuleManager: Shutting down and abandoning module LinuxNoEditorTargetPlatform (113)
[2020.01.23-02.00.26:621][113]LogModuleManager: Shutting down and abandoning module LinuxClientTargetPlatform (111)
[2020.01.23-02.00.26:621][113]LogModuleManager: Shutting down and abandoning module TVOSTargetPlatform (109)
[2020.01.23-02.00.26:622][113]LogModuleManager: Shutting down and abandoning module Messaging (107)
[2020.01.23-02.00.26:622][113]LogModuleManager: Shutting down and abandoning module IOSTargetPlatform (105)
[2020.01.23-02.00.26:622][113]LogModuleManager: Shutting down and abandoning module HTML5TargetPlatform (103)
[2020.01.23-02.00.26:622][113]LogModuleManager: Shutting down and abandoning module AndroidTargetPlatform (101)
[2020.01.23-02.00.26:627][113]LogModuleManager: Shutting down and abandoning module WindowsTargetPlatform (99)
[2020.01.23-02.00.26:627][113]LogModuleManager: Shutting down and abandoning module WindowsServerTargetPlatform (97)
[2020.01.23-02.00.26:627][113]LogModuleManager: Shutting down and abandoning module WindowsNoEditorTargetPlatform (95)
[2020.01.23-02.00.26:627][113]LogModuleManager: Shutting down and abandoning module WindowsClientTargetPlatform (93)
[2020.01.23-02.00.26:627][113]LogModuleManager: Shutting down and abandoning module MacTargetPlatform (91)
[2020.01.23-02.00.26:627][113]LogModuleManager: Shutting down and abandoning module MacServerTargetPlatform (89)
[2020.01.23-02.00.26:627][113]LogModuleManager: Shutting down and abandoning module MacNoEditorTargetPlatform (87)
[2020.01.23-02.00.26:627][113]LogModuleManager: Shutting down and abandoning module MacClientTargetPlatform (85)
[2020.01.23-02.00.26:627][113]LogModuleManager: Shutting down and abandoning module AllDesktopTargetPlatform (83)
[2020.01.23-02.00.26:627][113]LogModuleManager: Shutting down and abandoning module InputCore (80)
[2020.01.23-02.00.26:627][113]LogModuleManager: Shutting down and abandoning module Settings (78)
[2020.01.23-02.00.26:627][113]LogModuleManager: Shutting down and abandoning module DirectoryWatcher (76)
[2020.01.23-02.00.26:627][113]LogModuleManager: Shutting down and abandoning module PhysXCooking (74)
[2020.01.23-02.00.26:627][113]LogModuleManager: Shutting down and abandoning module SteamVR (72)
[2020.01.23-02.00.26:627][113]LogHMD: Freeing OpenVRDLLHandle.
[2020.01.23-02.00.26:627][113]LogModuleManager: Shutting down and abandoning module OculusHMD (70)
[2020.01.23-02.00.26:627][113]LogModuleManager: Shutting down and abandoning module ExampleDeviceProfileSelector (68)
[2020.01.23-02.00.26:627][113]LogModuleManager: Shutting down and abandoning module LauncherChunkInstaller (66)
[2020.01.23-02.00.26:627][113]LogModuleManager: Shutting down and abandoning module OnlineBlueprintSupport (64)
[2020.01.23-02.00.26:627][113]LogModuleManager: Shutting down and abandoning module OnlineSubsystem (60)
[2020.01.23-02.00.26:628][113]LogModuleManager: Shutting down and abandoning module XMPP (55)
[2020.01.23-02.00.26:628][113]LogModuleManager: Shutting down and abandoning module WebSockets (54)
[2020.01.23-02.00.26:637][113]LogModuleManager: Shutting down and abandoning module HTTP (51)
[2020.01.23-02.00.26:637][113]LogHttp: Display: Http module shutting down, but needs to wait on 1 outstanding Http requests:
[2020.01.23-02.00.26:637][113]LogHttp: Display: 	verb=[POST] url=[https://datarouter.ol.epicgames.com/datarouter/api/v1/public/data?SessionID=%7BB7D608BE-4E30-41D8-92CD-DE9566038167%7D&AppID=UEEditor.Rocket.Release&AppVersion=4.22.3-7053642%2B%2B%2BUE4%2BRelease-4.22&UserID=c984396a4d171976e34e3cb96761b99c%7C7267228371c14dc891c6346155c55251%7C404cf17e-e5c5-4676-977e-63058a69237e&AppEnvironment=datacollector-binary&UploadType=eteventstream] status=Processing
[2020.01.23-02.00.26:652][113]LogModuleManager: Shutting down and abandoning module SSL (50)
[2020.01.23-02.00.26:653][113]LogModuleManager: Shutting down and abandoning module WmfMedia (46)
[2020.01.23-02.00.26:654][113]LogModuleManager: Shutting down and abandoning module Media (45)
[2020.01.23-02.00.26:660][113]LogModuleManager: Shutting down and abandoning module MagicLeap (42)
[2020.01.23-02.00.26:660][113]LogModuleManager: Shutting down and abandoning module DatasmithContent (40)
[2020.01.23-02.00.26:660][113]LogModuleManager: Shutting down and abandoning module AnimationModifiers (38)
[2020.01.23-02.00.26:660][113]LogModuleManager: Shutting down and abandoning module PropertyEditor (37)
[2020.01.23-02.00.26:660][113]LogModuleManager: Shutting down and abandoning module AudioEditor (34)
[2020.01.23-02.00.26:660][113]LogModuleManager: Shutting down and abandoning module TextureCompressor (32)
[2020.01.23-02.00.26:660][113]LogModuleManager: Shutting down and abandoning module RenderCore (30)
[2020.01.23-02.00.26:660][113]LogModuleManager: Shutting down and abandoning module Landscape (28)
[2020.01.23-02.00.26:660][113]LogModuleManager: Shutting down and abandoning module SlateRHIRenderer (26)
[2020.01.23-02.00.26:661][113]LogModuleManager: Shutting down and abandoning module OpenGLDrv (24)
[2020.01.23-02.00.26:661][113]LogModuleManager: Shutting down and abandoning module D3D11RHI (22)
[2020.01.23-02.00.26:661][113]LogModuleManager: Shutting down and abandoning module AnimGraphRuntime (20)
[2020.01.23-02.00.26:661][113]LogModuleManager: Shutting down and abandoning module Renderer (18)
[2020.01.23-02.00.26:661][113]LogModuleManager: Shutting down and abandoning module Engine (16)
[2020.01.23-02.00.26:661][113]LogModuleManager: Shutting down and abandoning module CoreUObject (14)
[2020.01.23-02.00.26:661][113]LogModuleManager: Shutting down and abandoning module NetworkFile (12)
[2020.01.23-02.00.26:661][113]LogModuleManager: Shutting down and abandoning module CookedIterativeFile (10)
[2020.01.23-02.00.26:661][113]LogModuleManager: Shutting down and abandoning module StreamingFile (8)
[2020.01.23-02.00.26:661][113]LogModuleManager: Shutting down and abandoning module SandboxFile (6)
[2020.01.23-02.00.26:661][113]LogModuleManager: Shutting down and abandoning module PakFile (4)
[2020.01.23-02.00.26:661][113]LogModuleManager: Shutting down and abandoning module RSA (3)
[2020.01.23-02.00.26:671][113]LogExit: Exiting.
[2020.01.23-02.00.26:683][113]Log file closed, 01/22/20 19:00:26
